{"/root/projects/board_game_tracker/frontend/src/App.js": {"path":"/root/projects/board_game_tracker/frontend/src/App.js","statementMap":{"0":{"start":{"line":15,"column":2},"end":{"line":69,"column":4}}},"fnMap":{"0":{"name":"App","decl":{"start":{"line":14,"column":9},"end":{"line":14,"column":12}},"loc":{"start":{"line":14,"column":15},"end":{"line":70,"column":1}},"line":14}},"branchMap":{},"s":{"0":0},"f":{"0":0},"b":{}}
,"/root/projects/board_game_tracker/frontend/src/components/AddGameModal.js": {"path":"/root/projects/board_game_tracker/frontend/src/components/AddGameModal.js","statementMap":{"0":{"start":{"line":4,"column":34},"end":{"line":12,"column":4}},"1":{"start":{"line":14,"column":23},"end":{"line":24,"column":3}},"2":{"start":{"line":15,"column":4},"end":{"line":15,"column":23}},"3":{"start":{"line":16,"column":17},"end":{"line":22,"column":5}},"4":{"start":{"line":23,"column":4},"end":{"line":23,"column":16}},"5":{"start":{"line":26,"column":23},"end":{"line":31,"column":3}},"6":{"start":{"line":27,"column":4},"end":{"line":30,"column":7}},"7":{"start":{"line":33,"column":2},"end":{"line":187,"column":4}}},"fnMap":{"0":{"name":"AddGameModal","decl":{"start":{"line":3,"column":9},"end":{"line":3,"column":21}},"loc":{"start":{"line":3,"column":60},"end":{"line":188,"column":1}},"line":3},"1":{"name":"(anonymous_1)","decl":{"start":{"line":14,"column":23},"end":{"line":14,"column":24}},"loc":{"start":{"line":14,"column":30},"end":{"line":24,"column":3}},"line":14},"2":{"name":"(anonymous_2)","decl":{"start":{"line":26,"column":23},"end":{"line":26,"column":24}},"loc":{"start":{"line":26,"column":30},"end":{"line":31,"column":3}},"line":26}},"branchMap":{"0":{"loc":{"start":{"line":3,"column":40},"end":{"line":3,"column":56}},"type":"default-arg","locations":[{"start":{"line":3,"column":54},"end":{"line":3,"column":56}}],"line":3},"1":{"loc":{"start":{"line":5,"column":10},"end":{"line":5,"column":32}},"type":"binary-expr","locations":[{"start":{"line":5,"column":10},"end":{"line":5,"column":26}},{"start":{"line":5,"column":30},"end":{"line":5,"column":32}}],"line":5},"2":{"loc":{"start":{"line":6,"column":12},"end":{"line":6,"column":36}},"type":"binary-expr","locations":[{"start":{"line":6,"column":12},"end":{"line":6,"column":30}},{"start":{"line":6,"column":34},"end":{"line":6,"column":36}}],"line":6},"3":{"loc":{"start":{"line":18,"column":14},"end":{"line":18,"column":64}},"type":"cond-expr","locations":[{"start":{"line":18,"column":32},"end":{"line":18,"column":57}},{"start":{"line":18,"column":60},"end":{"line":18,"column":64}}],"line":18},"4":{"loc":{"start":{"line":19,"column":25},"end":{"line":19,"column":99}},"type":"cond-expr","locations":[{"start":{"line":19,"column":54},"end":{"line":19,"column":92}},{"start":{"line":19,"column":95},"end":{"line":19,"column":99}}],"line":19},"5":{"loc":{"start":{"line":20,"column":23},"end":{"line":20,"column":93}},"type":"cond-expr","locations":[{"start":{"line":20,"column":50},"end":{"line":20,"column":86}},{"start":{"line":20,"column":89},"end":{"line":20,"column":93}}],"line":20},"6":{"loc":{"start":{"line":21,"column":21},"end":{"line":21,"column":51}},"type":"binary-expr","locations":[{"start":{"line":21,"column":21},"end":{"line":21,"column":43}},{"start":{"line":21,"column":47},"end":{"line":21,"column":51}}],"line":21}},"s":{"0":0,"1":0,"2":0,"3":0,"4":0,"5":0,"6":0,"7":0},"f":{"0":0,"1":0,"2":0},"b":{"0":[0],"1":[0,0],"2":[0,0],"3":[0,0],"4":[0,0],"5":[0,0],"6":[0,0]}}
,"/root/projects/board_game_tracker/frontend/src/components/AddSessionModal.js": {"path":"/root/projects/board_game_tracker/frontend/src/components/AddSessionModal.js","statementMap":{"0":{"start":{"line":4,"column":34},"end":{"line":8,"column":4}},"1":{"start":{"line":9,"column":32},"end":{"line":11,"column":4}},"2":{"start":{"line":13,"column":23},"end":{"line":25,"column":3}},"3":{"start":{"line":14,"column":4},"end":{"line":14,"column":23}},"4":{"start":{"line":15,"column":24},"end":{"line":23,"column":5}},"5":{"start":{"line":18,"column":33},"end":{"line":22,"column":7}},"6":{"start":{"line":24,"column":4},"end":{"line":24,"column":23}},"7":{"start":{"line":27,"column":23},"end":{"line":32,"column":3}},"8":{"start":{"line":28,"column":4},"end":{"line":31,"column":7}},"9":{"start":{"line":34,"column":29},"end":{"line":38,"column":3}},"10":{"start":{"line":35,"column":23},"end":{"line":35,"column":35}},"11":{"start":{"line":36,"column":4},"end":{"line":36,"column":37}},"12":{"start":{"line":37,"column":4},"end":{"line":37,"column":27}},"13":{"start":{"line":40,"column":20},"end":{"line":42,"column":3}},"14":{"start":{"line":41,"column":4},"end":{"line":41,"column":72}},"15":{"start":{"line":44,"column":23},"end":{"line":48,"column":3}},"16":{"start":{"line":45,"column":4},"end":{"line":47,"column":5}},"17":{"start":{"line":46,"column":6},"end":{"line":46,"column":56}},"18":{"start":{"line":46,"column":42},"end":{"line":46,"column":53}},"19":{"start":{"line":50,"column":27},"end":{"line":64,"column":3}},"20":{"start":{"line":51,"column":19},"end":{"line":54,"column":53}},"21":{"start":{"line":52,"column":26},"end":{"line":52,"column":41}},"22":{"start":{"line":53,"column":19},"end":{"line":53,"column":33}},"23":{"start":{"line":54,"column":17},"end":{"line":54,"column":51}},"24":{"start":{"line":56,"column":4},"end":{"line":56,"column":36}},"25":{"start":{"line":56,"column":29},"end":{"line":56,"column":36}},"26":{"start":{"line":58,"column":21},"end":{"line":58,"column":58}},"27":{"start":{"line":58,"column":49},"end":{"line":58,"column":56}},"28":{"start":{"line":59,"column":23},"end":{"line":59,"column":35}},"29":{"start":{"line":60,"column":4},"end":{"line":62,"column":7}},"30":{"start":{"line":61,"column":6},"end":{"line":61,"column":69}},"31":{"start":{"line":63,"column":4},"end":{"line":63,"column":27}},"32":{"start":{"line":66,"column":2},"end":{"line":201,"column":4}},"33":{"start":{"line":85,"column":16},"end":{"line":85,"column":74}},"34":{"start":{"line":118,"column":14},"end":{"line":153,"column":20}},"35":{"start":{"line":122,"column":35},"end":{"line":122,"column":84}},"36":{"start":{"line":131,"column":35},"end":{"line":131,"column":85}},"37":{"start":{"line":139,"column":37},"end":{"line":139,"column":93}},"38":{"start":{"line":147,"column":35},"end":{"line":147,"column":54}},"39":{"start":{"line":196,"column":12},"end":{"line":196,"column":58}}},"fnMap":{"0":{"name":"AddSessionModal","decl":{"start":{"line":3,"column":9},"end":{"line":3,"column":24}},"loc":{"start":{"line":3,"column":69},"end":{"line":202,"column":1}},"line":3},"1":{"name":"(anonymous_1)","decl":{"start":{"line":13,"column":23},"end":{"line":13,"column":24}},"loc":{"start":{"line":13,"column":30},"end":{"line":25,"column":3}},"line":13},"2":{"name":"(anonymous_2)","decl":{"start":{"line":18,"column":27},"end":{"line":18,"column":28}},"loc":{"start":{"line":18,"column":33},"end":{"line":22,"column":7}},"line":18},"3":{"name":"(anonymous_3)","decl":{"start":{"line":27,"column":23},"end":{"line":27,"column":24}},"loc":{"start":{"line":27,"column":30},"end":{"line":32,"column":3}},"line":27},"4":{"name":"(anonymous_4)","decl":{"start":{"line":34,"column":29},"end":{"line":34,"column":30}},"loc":{"start":{"line":34,"column":54},"end":{"line":38,"column":3}},"line":34},"5":{"name":"(anonymous_5)","decl":{"start":{"line":40,"column":20},"end":{"line":40,"column":21}},"loc":{"start":{"line":40,"column":26},"end":{"line":42,"column":3}},"line":40},"6":{"name":"(anonymous_6)","decl":{"start":{"line":44,"column":23},"end":{"line":44,"column":24}},"loc":{"start":{"line":44,"column":34},"end":{"line":48,"column":3}},"line":44},"7":{"name":"(anonymous_7)","decl":{"start":{"line":46,"column":32},"end":{"line":46,"column":33}},"loc":{"start":{"line":46,"column":42},"end":{"line":46,"column":53}},"line":46},"8":{"name":"(anonymous_8)","decl":{"start":{"line":50,"column":27},"end":{"line":50,"column":28}},"loc":{"start":{"line":50,"column":33},"end":{"line":64,"column":3}},"line":50},"9":{"name":"(anonymous_9)","decl":{"start":{"line":52,"column":11},"end":{"line":52,"column":12}},"loc":{"start":{"line":52,"column":26},"end":{"line":52,"column":41}},"line":52},"10":{"name":"(anonymous_10)","decl":{"start":{"line":53,"column":14},"end":{"line":53,"column":15}},"loc":{"start":{"line":53,"column":19},"end":{"line":53,"column":33}},"line":53},"11":{"name":"(anonymous_11)","decl":{"start":{"line":54,"column":11},"end":{"line":54,"column":12}},"loc":{"start":{"line":54,"column":17},"end":{"line":54,"column":51}},"line":54},"12":{"name":"(anonymous_12)","decl":{"start":{"line":58,"column":44},"end":{"line":58,"column":45}},"loc":{"start":{"line":58,"column":49},"end":{"line":58,"column":56}},"line":58},"13":{"name":"(anonymous_13)","decl":{"start":{"line":60,"column":23},"end":{"line":60,"column":24}},"loc":{"start":{"line":60,"column":33},"end":{"line":62,"column":5}},"line":60},"14":{"name":"(anonymous_14)","decl":{"start":{"line":84,"column":25},"end":{"line":84,"column":26}},"loc":{"start":{"line":85,"column":16},"end":{"line":85,"column":74}},"line":85},"15":{"name":"(anonymous_15)","decl":{"start":{"line":117,"column":25},"end":{"line":117,"column":26}},"loc":{"start":{"line":118,"column":14},"end":{"line":153,"column":20}},"line":118},"16":{"name":"(anonymous_16)","decl":{"start":{"line":122,"column":28},"end":{"line":122,"column":29}},"loc":{"start":{"line":122,"column":35},"end":{"line":122,"column":84}},"line":122},"17":{"name":"(anonymous_17)","decl":{"start":{"line":131,"column":28},"end":{"line":131,"column":29}},"loc":{"start":{"line":131,"column":35},"end":{"line":131,"column":85}},"line":131},"18":{"name":"(anonymous_18)","decl":{"start":{"line":139,"column":30},"end":{"line":139,"column":31}},"loc":{"start":{"line":139,"column":37},"end":{"line":139,"column":93}},"line":139},"19":{"name":"(anonymous_19)","decl":{"start":{"line":147,"column":29},"end":{"line":147,"column":30}},"loc":{"start":{"line":147,"column":35},"end":{"line":147,"column":54}},"line":147},"20":{"name":"(anonymous_20)","decl":{"start":{"line":195,"column":31},"end":{"line":195,"column":32}},"loc":{"start":{"line":196,"column":12},"end":{"line":196,"column":58}},"line":196}},"branchMap":{"0":{"loc":{"start":{"line":20,"column":15},"end":{"line":20,"column":49}},"type":"cond-expr","locations":[{"start":{"line":20,"column":25},"end":{"line":20,"column":42}},{"start":{"line":20,"column":45},"end":{"line":20,"column":49}}],"line":20},"1":{"loc":{"start":{"line":45,"column":4},"end":{"line":47,"column":5}},"type":"if","locations":[{"start":{"line":45,"column":4},"end":{"line":47,"column":5}},{"start":{},"end":{}}],"line":45},"2":{"loc":{"start":{"line":56,"column":4},"end":{"line":56,"column":36}},"type":"if","locations":[{"start":{"line":56,"column":4},"end":{"line":56,"column":36}},{"start":{},"end":{}}],"line":56},"3":{"loc":{"start":{"line":61,"column":20},"end":{"line":61,"column":68}},"type":"binary-expr","locations":[{"start":{"line":61,"column":20},"end":{"line":61,"column":34}},{"start":{"line":61,"column":38},"end":{"line":61,"column":68}}],"line":61},"4":{"loc":{"start":{"line":144,"column":17},"end":{"line":152,"column":17}},"type":"binary-expr","locations":[{"start":{"line":144,"column":17},"end":{"line":144,"column":35}},{"start":{"line":145,"column":18},"end":{"line":151,"column":27}}],"line":144}},"s":{"0":0,"1":0,"2":0,"3":0,"4":0,"5":0,"6":0,"7":0,"8":0,"9":0,"10":0,"11":0,"12":0,"13":0,"14":0,"15":0,"16":0,"17":0,"18":0,"19":0,"20":0,"21":0,"22":0,"23":0,"24":0,"25":0,"26":0,"27":0,"28":0,"29":0,"30":0,"31":0,"32":0,"33":0,"34":0,"35":0,"36":0,"37":0,"38":0,"39":0},"f":{"0":0,"1":0,"2":0,"3":0,"4":0,"5":0,"6":0,"7":0,"8":0,"9":0,"10":0,"11":0,"12":0,"13":0,"14":0,"15":0,"16":0,"17":0,"18":0,"19":0,"20":0},"b":{"0":[0,0],"1":[0,0],"2":[0,0],"3":[0,0],"4":[0,0]}}
,"/root/projects/board_game_tracker/frontend/src/components/AddWishlistModal.js": {"path":"/root/projects/board_game_tracker/frontend/src/components/AddWishlistModal.js","statementMap":{"0":{"start":{"line":4,"column":34},"end":{"line":10,"column":4}},"1":{"start":{"line":12,"column":23},"end":{"line":20,"column":3}},"2":{"start":{"line":13,"column":4},"end":{"line":13,"column":23}},"3":{"start":{"line":14,"column":17},"end":{"line":18,"column":5}},"4":{"start":{"line":19,"column":4},"end":{"line":19,"column":16}},"5":{"start":{"line":22,"column":23},"end":{"line":27,"column":3}},"6":{"start":{"line":23,"column":4},"end":{"line":26,"column":7}},"7":{"start":{"line":29,"column":2},"end":{"line":144,"column":4}}},"fnMap":{"0":{"name":"AddWishlistModal","decl":{"start":{"line":3,"column":9},"end":{"line":3,"column":25}},"loc":{"start":{"line":3,"column":64},"end":{"line":145,"column":1}},"line":3},"1":{"name":"(anonymous_1)","decl":{"start":{"line":12,"column":23},"end":{"line":12,"column":24}},"loc":{"start":{"line":12,"column":30},"end":{"line":20,"column":3}},"line":12},"2":{"name":"(anonymous_2)","decl":{"start":{"line":22,"column":23},"end":{"line":22,"column":24}},"loc":{"start":{"line":22,"column":30},"end":{"line":27,"column":3}},"line":22}},"branchMap":{"0":{"loc":{"start":{"line":3,"column":44},"end":{"line":3,"column":60}},"type":"default-arg","locations":[{"start":{"line":3,"column":58},"end":{"line":3,"column":60}}],"line":3},"1":{"loc":{"start":{"line":5,"column":10},"end":{"line":5,"column":32}},"type":"binary-expr","locations":[{"start":{"line":5,"column":10},"end":{"line":5,"column":26}},{"start":{"line":5,"column":30},"end":{"line":5,"column":32}}],"line":5},"2":{"loc":{"start":{"line":6,"column":12},"end":{"line":6,"column":36}},"type":"binary-expr","locations":[{"start":{"line":6,"column":12},"end":{"line":6,"column":30}},{"start":{"line":6,"column":34},"end":{"line":6,"column":36}}],"line":6},"3":{"loc":{"start":{"line":16,"column":14},"end":{"line":16,"column":64}},"type":"cond-expr","locations":[{"start":{"line":16,"column":32},"end":{"line":16,"column":57}},{"start":{"line":16,"column":60},"end":{"line":16,"column":64}}],"line":16},"4":{"loc":{"start":{"line":17,"column":20},"end":{"line":17,"column":84}},"type":"cond-expr","locations":[{"start":{"line":17,"column":44},"end":{"line":17,"column":77}},{"start":{"line":17,"column":80},"end":{"line":17,"column":84}}],"line":17}},"s":{"0":0,"1":0,"2":0,"3":0,"4":0,"5":0,"6":0,"7":0},"f":{"0":0,"1":0,"2":0},"b":{"0":[0],"1":[0,0],"2":[0,0],"3":[0,0],"4":[0,0]}}
,"/root/projects/board_game_tracker/frontend/src/components/EditGameModal.js": {"path":"/root/projects/board_game_tracker/frontend/src/components/EditGameModal.js","statementMap":{"0":{"start":{"line":4,"column":34},"end":{"line":12,"column":4}},"1":{"start":{"line":14,"column":2},"end":{"line":26,"column":13}},"2":{"start":{"line":15,"column":4},"end":{"line":25,"column":5}},"3":{"start":{"line":16,"column":6},"end":{"line":24,"column":9}},"4":{"start":{"line":28,"column":23},"end":{"line":38,"column":3}},"5":{"start":{"line":29,"column":4},"end":{"line":29,"column":23}},"6":{"start":{"line":30,"column":17},"end":{"line":36,"column":5}},"7":{"start":{"line":37,"column":4},"end":{"line":37,"column":17}},"8":{"start":{"line":40,"column":23},"end":{"line":45,"column":3}},"9":{"start":{"line":41,"column":4},"end":{"line":44,"column":7}},"10":{"start":{"line":47,"column":2},"end":{"line":201,"column":4}}},"fnMap":{"0":{"name":"EditGameModal","decl":{"start":{"line":3,"column":9},"end":{"line":3,"column":22}},"loc":{"start":{"line":3,"column":50},"end":{"line":202,"column":1}},"line":3},"1":{"name":"(anonymous_1)","decl":{"start":{"line":14,"column":12},"end":{"line":14,"column":13}},"loc":{"start":{"line":14,"column":18},"end":{"line":26,"column":3}},"line":14},"2":{"name":"(anonymous_2)","decl":{"start":{"line":28,"column":23},"end":{"line":28,"column":24}},"loc":{"start":{"line":28,"column":30},"end":{"line":38,"column":3}},"line":28},"3":{"name":"(anonymous_3)","decl":{"start":{"line":40,"column":23},"end":{"line":40,"column":24}},"loc":{"start":{"line":40,"column":30},"end":{"line":45,"column":3}},"line":40}},"branchMap":{"0":{"loc":{"start":{"line":15,"column":4},"end":{"line":25,"column":5}},"type":"if","locations":[{"start":{"line":15,"column":4},"end":{"line":25,"column":5}},{"start":{},"end":{}}],"line":15},"1":{"loc":{"start":{"line":17,"column":14},"end":{"line":17,"column":29}},"type":"binary-expr","locations":[{"start":{"line":17,"column":14},"end":{"line":17,"column":23}},{"start":{"line":17,"column":27},"end":{"line":17,"column":29}}],"line":17},"2":{"loc":{"start":{"line":18,"column":16},"end":{"line":18,"column":33}},"type":"binary-expr","locations":[{"start":{"line":18,"column":16},"end":{"line":18,"column":27}},{"start":{"line":18,"column":31},"end":{"line":18,"column":33}}],"line":18},"3":{"loc":{"start":{"line":19,"column":15},"end":{"line":19,"column":31}},"type":"binary-expr","locations":[{"start":{"line":19,"column":15},"end":{"line":19,"column":25}},{"start":{"line":19,"column":29},"end":{"line":19,"column":31}}],"line":19},"4":{"loc":{"start":{"line":20,"column":18},"end":{"line":20,"column":37}},"type":"binary-expr","locations":[{"start":{"line":20,"column":18},"end":{"line":20,"column":31}},{"start":{"line":20,"column":35},"end":{"line":20,"column":37}}],"line":20},"5":{"loc":{"start":{"line":21,"column":27},"end":{"line":21,"column":55}},"type":"binary-expr","locations":[{"start":{"line":21,"column":27},"end":{"line":21,"column":49}},{"start":{"line":21,"column":53},"end":{"line":21,"column":55}}],"line":21},"6":{"loc":{"start":{"line":22,"column":25},"end":{"line":22,"column":51}},"type":"binary-expr","locations":[{"start":{"line":22,"column":25},"end":{"line":22,"column":45}},{"start":{"line":22,"column":49},"end":{"line":22,"column":51}}],"line":22},"7":{"loc":{"start":{"line":23,"column":23},"end":{"line":23,"column":81}},"type":"cond-expr","locations":[{"start":{"line":23,"column":44},"end":{"line":23,"column":76}},{"start":{"line":23,"column":79},"end":{"line":23,"column":81}}],"line":23},"8":{"loc":{"start":{"line":32,"column":14},"end":{"line":32,"column":64}},"type":"cond-expr","locations":[{"start":{"line":32,"column":32},"end":{"line":32,"column":57}},{"start":{"line":32,"column":60},"end":{"line":32,"column":64}}],"line":32},"9":{"loc":{"start":{"line":33,"column":25},"end":{"line":33,"column":99}},"type":"cond-expr","locations":[{"start":{"line":33,"column":54},"end":{"line":33,"column":92}},{"start":{"line":33,"column":95},"end":{"line":33,"column":99}}],"line":33},"10":{"loc":{"start":{"line":34,"column":23},"end":{"line":34,"column":93}},"type":"cond-expr","locations":[{"start":{"line":34,"column":50},"end":{"line":34,"column":86}},{"start":{"line":34,"column":89},"end":{"line":34,"column":93}}],"line":34},"11":{"loc":{"start":{"line":35,"column":21},"end":{"line":35,"column":51}},"type":"binary-expr","locations":[{"start":{"line":35,"column":21},"end":{"line":35,"column":43}},{"start":{"line":35,"column":47},"end":{"line":35,"column":51}}],"line":35}},"s":{"0":0,"1":0,"2":0,"3":0,"4":0,"5":0,"6":0,"7":0,"8":0,"9":0,"10":0},"f":{"0":0,"1":0,"2":0,"3":0},"b":{"0":[0,0],"1":[0,0],"2":[0,0],"3":[0,0],"4":[0,0],"5":[0,0],"6":[0,0],"7":[0,0],"8":[0,0],"9":[0,0],"10":[0,0],"11":[0,0]}}
,"/root/projects/board_game_tracker/frontend/src/components/EditSessionModal.js": {"path":"/root/projects/board_game_tracker/frontend/src/components/EditSessionModal.js","statementMap":{"0":{"start":{"line":4,"column":34},"end":{"line":8,"column":4}},"1":{"start":{"line":9,"column":32},"end":{"line":9,"column":44}},"2":{"start":{"line":11,"column":2},"end":{"line":25,"column":16}},"3":{"start":{"line":12,"column":4},"end":{"line":24,"column":5}},"4":{"start":{"line":13,"column":6},"end":{"line":17,"column":9}},"5":{"start":{"line":19,"column":6},"end":{"line":23,"column":11}},"6":{"start":{"line":19,"column":43},"end":{"line":23,"column":7}},"7":{"start":{"line":27,"column":23},"end":{"line":39,"column":3}},"8":{"start":{"line":28,"column":4},"end":{"line":28,"column":23}},"9":{"start":{"line":29,"column":24},"end":{"line":37,"column":5}},"10":{"start":{"line":32,"column":33},"end":{"line":36,"column":7}},"11":{"start":{"line":38,"column":4},"end":{"line":38,"column":24}},"12":{"start":{"line":41,"column":23},"end":{"line":46,"column":3}},"13":{"start":{"line":42,"column":4},"end":{"line":45,"column":7}},"14":{"start":{"line":48,"column":29},"end":{"line":52,"column":3}},"15":{"start":{"line":49,"column":23},"end":{"line":49,"column":35}},"16":{"start":{"line":50,"column":4},"end":{"line":50,"column":37}},"17":{"start":{"line":51,"column":4},"end":{"line":51,"column":27}},"18":{"start":{"line":54,"column":20},"end":{"line":56,"column":3}},"19":{"start":{"line":55,"column":4},"end":{"line":55,"column":72}},"20":{"start":{"line":58,"column":23},"end":{"line":62,"column":3}},"21":{"start":{"line":59,"column":4},"end":{"line":61,"column":5}},"22":{"start":{"line":60,"column":6},"end":{"line":60,"column":56}},"23":{"start":{"line":60,"column":42},"end":{"line":60,"column":53}},"24":{"start":{"line":64,"column":27},"end":{"line":78,"column":3}},"25":{"start":{"line":65,"column":19},"end":{"line":68,"column":53}},"26":{"start":{"line":66,"column":26},"end":{"line":66,"column":41}},"27":{"start":{"line":67,"column":19},"end":{"line":67,"column":33}},"28":{"start":{"line":68,"column":17},"end":{"line":68,"column":51}},"29":{"start":{"line":70,"column":4},"end":{"line":70,"column":36}},"30":{"start":{"line":70,"column":29},"end":{"line":70,"column":36}},"31":{"start":{"line":72,"column":21},"end":{"line":72,"column":58}},"32":{"start":{"line":72,"column":49},"end":{"line":72,"column":56}},"33":{"start":{"line":73,"column":23},"end":{"line":73,"column":35}},"34":{"start":{"line":74,"column":4},"end":{"line":76,"column":7}},"35":{"start":{"line":75,"column":6},"end":{"line":75,"column":69}},"36":{"start":{"line":77,"column":4},"end":{"line":77,"column":27}},"37":{"start":{"line":80,"column":2},"end":{"line":215,"column":4}},"38":{"start":{"line":99,"column":16},"end":{"line":99,"column":74}},"39":{"start":{"line":132,"column":14},"end":{"line":167,"column":20}},"40":{"start":{"line":136,"column":35},"end":{"line":136,"column":84}},"41":{"start":{"line":145,"column":35},"end":{"line":145,"column":85}},"42":{"start":{"line":153,"column":37},"end":{"line":153,"column":93}},"43":{"start":{"line":161,"column":35},"end":{"line":161,"column":54}},"44":{"start":{"line":210,"column":12},"end":{"line":210,"column":58}}},"fnMap":{"0":{"name":"EditSessionModal","decl":{"start":{"line":3,"column":9},"end":{"line":3,"column":25}},"loc":{"start":{"line":3,"column":80},"end":{"line":216,"column":1}},"line":3},"1":{"name":"(anonymous_1)","decl":{"start":{"line":11,"column":12},"end":{"line":11,"column":13}},"loc":{"start":{"line":11,"column":18},"end":{"line":25,"column":3}},"line":11},"2":{"name":"(anonymous_2)","decl":{"start":{"line":19,"column":37},"end":{"line":19,"column":38}},"loc":{"start":{"line":19,"column":43},"end":{"line":23,"column":7}},"line":19},"3":{"name":"(anonymous_3)","decl":{"start":{"line":27,"column":23},"end":{"line":27,"column":24}},"loc":{"start":{"line":27,"column":30},"end":{"line":39,"column":3}},"line":27},"4":{"name":"(anonymous_4)","decl":{"start":{"line":32,"column":27},"end":{"line":32,"column":28}},"loc":{"start":{"line":32,"column":33},"end":{"line":36,"column":7}},"line":32},"5":{"name":"(anonymous_5)","decl":{"start":{"line":41,"column":23},"end":{"line":41,"column":24}},"loc":{"start":{"line":41,"column":30},"end":{"line":46,"column":3}},"line":41},"6":{"name":"(anonymous_6)","decl":{"start":{"line":48,"column":29},"end":{"line":48,"column":30}},"loc":{"start":{"line":48,"column":54},"end":{"line":52,"column":3}},"line":48},"7":{"name":"(anonymous_7)","decl":{"start":{"line":54,"column":20},"end":{"line":54,"column":21}},"loc":{"start":{"line":54,"column":26},"end":{"line":56,"column":3}},"line":54},"8":{"name":"(anonymous_8)","decl":{"start":{"line":58,"column":23},"end":{"line":58,"column":24}},"loc":{"start":{"line":58,"column":34},"end":{"line":62,"column":3}},"line":58},"9":{"name":"(anonymous_9)","decl":{"start":{"line":60,"column":32},"end":{"line":60,"column":33}},"loc":{"start":{"line":60,"column":42},"end":{"line":60,"column":53}},"line":60},"10":{"name":"(anonymous_10)","decl":{"start":{"line":64,"column":27},"end":{"line":64,"column":28}},"loc":{"start":{"line":64,"column":33},"end":{"line":78,"column":3}},"line":64},"11":{"name":"(anonymous_11)","decl":{"start":{"line":66,"column":11},"end":{"line":66,"column":12}},"loc":{"start":{"line":66,"column":26},"end":{"line":66,"column":41}},"line":66},"12":{"name":"(anonymous_12)","decl":{"start":{"line":67,"column":14},"end":{"line":67,"column":15}},"loc":{"start":{"line":67,"column":19},"end":{"line":67,"column":33}},"line":67},"13":{"name":"(anonymous_13)","decl":{"start":{"line":68,"column":11},"end":{"line":68,"column":12}},"loc":{"start":{"line":68,"column":17},"end":{"line":68,"column":51}},"line":68},"14":{"name":"(anonymous_14)","decl":{"start":{"line":72,"column":44},"end":{"line":72,"column":45}},"loc":{"start":{"line":72,"column":49},"end":{"line":72,"column":56}},"line":72},"15":{"name":"(anonymous_15)","decl":{"start":{"line":74,"column":23},"end":{"line":74,"column":24}},"loc":{"start":{"line":74,"column":33},"end":{"line":76,"column":5}},"line":74},"16":{"name":"(anonymous_16)","decl":{"start":{"line":98,"column":25},"end":{"line":98,"column":26}},"loc":{"start":{"line":99,"column":16},"end":{"line":99,"column":74}},"line":99},"17":{"name":"(anonymous_17)","decl":{"start":{"line":131,"column":25},"end":{"line":131,"column":26}},"loc":{"start":{"line":132,"column":14},"end":{"line":167,"column":20}},"line":132},"18":{"name":"(anonymous_18)","decl":{"start":{"line":136,"column":28},"end":{"line":136,"column":29}},"loc":{"start":{"line":136,"column":35},"end":{"line":136,"column":84}},"line":136},"19":{"name":"(anonymous_19)","decl":{"start":{"line":145,"column":28},"end":{"line":145,"column":29}},"loc":{"start":{"line":145,"column":35},"end":{"line":145,"column":85}},"line":145},"20":{"name":"(anonymous_20)","decl":{"start":{"line":153,"column":30},"end":{"line":153,"column":31}},"loc":{"start":{"line":153,"column":37},"end":{"line":153,"column":93}},"line":153},"21":{"name":"(anonymous_21)","decl":{"start":{"line":161,"column":29},"end":{"line":161,"column":30}},"loc":{"start":{"line":161,"column":35},"end":{"line":161,"column":54}},"line":161},"22":{"name":"(anonymous_22)","decl":{"start":{"line":209,"column":31},"end":{"line":209,"column":32}},"loc":{"start":{"line":210,"column":12},"end":{"line":210,"column":58}},"line":210}},"branchMap":{"0":{"loc":{"start":{"line":12,"column":4},"end":{"line":24,"column":5}},"type":"if","locations":[{"start":{"line":12,"column":4},"end":{"line":24,"column":5}},{"start":{},"end":{}}],"line":12},"1":{"loc":{"start":{"line":15,"column":14},"end":{"line":15,"column":60}},"type":"cond-expr","locations":[{"start":{"line":15,"column":29},"end":{"line":15,"column":55}},{"start":{"line":15,"column":58},"end":{"line":15,"column":60}}],"line":15},"2":{"loc":{"start":{"line":16,"column":15},"end":{"line":16,"column":34}},"type":"binary-expr","locations":[{"start":{"line":16,"column":15},"end":{"line":16,"column":28}},{"start":{"line":16,"column":32},"end":{"line":16,"column":34}}],"line":16},"3":{"loc":{"start":{"line":21,"column":15},"end":{"line":21,"column":28}},"type":"binary-expr","locations":[{"start":{"line":21,"column":15},"end":{"line":21,"column":22}},{"start":{"line":21,"column":26},"end":{"line":21,"column":28}}],"line":21},"4":{"loc":{"start":{"line":34,"column":15},"end":{"line":34,"column":49}},"type":"cond-expr","locations":[{"start":{"line":34,"column":25},"end":{"line":34,"column":42}},{"start":{"line":34,"column":45},"end":{"line":34,"column":49}}],"line":34},"5":{"loc":{"start":{"line":59,"column":4},"end":{"line":61,"column":5}},"type":"if","locations":[{"start":{"line":59,"column":4},"end":{"line":61,"column":5}},{"start":{},"end":{}}],"line":59},"6":{"loc":{"start":{"line":70,"column":4},"end":{"line":70,"column":36}},"type":"if","locations":[{"start":{"line":70,"column":4},"end":{"line":70,"column":36}},{"start":{},"end":{}}],"line":70},"7":{"loc":{"start":{"line":75,"column":20},"end":{"line":75,"column":68}},"type":"binary-expr","locations":[{"start":{"line":75,"column":20},"end":{"line":75,"column":34}},{"start":{"line":75,"column":38},"end":{"line":75,"column":68}}],"line":75},"8":{"loc":{"start":{"line":158,"column":17},"end":{"line":166,"column":17}},"type":"binary-expr","locations":[{"start":{"line":158,"column":17},"end":{"line":158,"column":35}},{"start":{"line":159,"column":18},"end":{"line":165,"column":27}}],"line":158}},"s":{"0":0,"1":0,"2":0,"3":0,"4":0,"5":0,"6":0,"7":0,"8":0,"9":0,"10":0,"11":0,"12":0,"13":0,"14":0,"15":0,"16":0,"17":0,"18":0,"19":0,"20":0,"21":0,"22":0,"23":0,"24":0,"25":0,"26":0,"27":0,"28":0,"29":0,"30":0,"31":0,"32":0,"33":0,"34":0,"35":0,"36":0,"37":0,"38":0,"39":0,"40":0,"41":0,"42":0,"43":0,"44":0},"f":{"0":0,"1":0,"2":0,"3":0,"4":0,"5":0,"6":0,"7":0,"8":0,"9":0,"10":0,"11":0,"12":0,"13":0,"14":0,"15":0,"16":0,"17":0,"18":0,"19":0,"20":0,"21":0,"22":0},"b":{"0":[0,0],"1":[0,0],"2":[0,0],"3":[0,0],"4":[0,0],"5":[0,0],"6":[0,0],"7":[0,0],"8":[0,0]}}
,"/root/projects/board_game_tracker/frontend/src/components/GameCard.js": {"path":"/root/projects/board_game_tracker/frontend/src/components/GameCard.js","statementMap":{"0":{"start":{"line":5,"column":22},"end":{"line":7,"column":55}},"1":{"start":{"line":9,"column":2},"end":{"line":156,"column":4}},"2":{"start":{"line":134,"column":29},"end":{"line":134,"column":41}}},"fnMap":{"0":{"name":"GameCard","decl":{"start":{"line":4,"column":9},"end":{"line":4,"column":17}},"loc":{"start":{"line":4,"column":46},"end":{"line":157,"column":1}},"line":4},"1":{"name":"(anonymous_1)","decl":{"start":{"line":134,"column":23},"end":{"line":134,"column":24}},"loc":{"start":{"line":134,"column":29},"end":{"line":134,"column":41}},"line":134}},"branchMap":{"0":{"loc":{"start":{"line":5,"column":22},"end":{"line":7,"column":55}},"type":"cond-expr","locations":[{"start":{"line":6,"column":6},"end":{"line":6,"column":35}},{"start":{"line":7,"column":6},"end":{"line":7,"column":55}}],"line":5},"1":{"loc":{"start":{"line":11,"column":7},"end":{"line":17,"column":7}},"type":"binary-expr","locations":[{"start":{"line":11,"column":7},"end":{"line":11,"column":21}},{"start":{"line":12,"column":8},"end":{"line":16,"column":10}}],"line":11},"2":{"loc":{"start":{"line":30,"column":11},"end":{"line":38,"column":11}},"type":"binary-expr","locations":[{"start":{"line":30,"column":11},"end":{"line":30,"column":24}},{"start":{"line":31,"column":12},"end":{"line":37,"column":18}}],"line":30},"3":{"loc":{"start":{"line":42,"column":9},"end":{"line":65,"column":9}},"type":"binary-expr","locations":[{"start":{"line":42,"column":10},"end":{"line":42,"column":26}},{"start":{"line":42,"column":30},"end":{"line":42,"column":47}},{"start":{"line":42,"column":51},"end":{"line":42,"column":66}},{"start":{"line":43,"column":10},"end":{"line":64,"column":16}}],"line":42},"4":{"loc":{"start":{"line":45,"column":15},"end":{"line":50,"column":15}},"type":"binary-expr","locations":[{"start":{"line":45,"column":15},"end":{"line":45,"column":31}},{"start":{"line":46,"column":16},"end":{"line":49,"column":22}}],"line":45},"5":{"loc":{"start":{"line":51,"column":15},"end":{"line":56,"column":15}},"type":"binary-expr","locations":[{"start":{"line":51,"column":15},"end":{"line":51,"column":32}},{"start":{"line":52,"column":16},"end":{"line":55,"column":22}}],"line":51},"6":{"loc":{"start":{"line":57,"column":15},"end":{"line":62,"column":15}},"type":"binary-expr","locations":[{"start":{"line":57,"column":15},"end":{"line":57,"column":30}},{"start":{"line":58,"column":16},"end":{"line":61,"column":22}}],"line":57},"7":{"loc":{"start":{"line":68,"column":9},"end":{"line":90,"column":9}},"type":"binary-expr","locations":[{"start":{"line":68,"column":10},"end":{"line":68,"column":30}},{"start":{"line":68,"column":34},"end":{"line":68,"column":56}},{"start":{"line":68,"column":60},"end":{"line":68,"column":78}},{"start":{"line":69,"column":10},"end":{"line":89,"column":16}}],"line":68},"8":{"loc":{"start":{"line":71,"column":15},"end":{"line":76,"column":15}},"type":"binary-expr","locations":[{"start":{"line":71,"column":15},"end":{"line":71,"column":35}},{"start":{"line":72,"column":16},"end":{"line":75,"column":22}}],"line":71},"9":{"loc":{"start":{"line":77,"column":15},"end":{"line":82,"column":15}},"type":"binary-expr","locations":[{"start":{"line":77,"column":15},"end":{"line":77,"column":37}},{"start":{"line":78,"column":16},"end":{"line":81,"column":22}}],"line":77},"10":{"loc":{"start":{"line":83,"column":15},"end":{"line":87,"column":15}},"type":"binary-expr","locations":[{"start":{"line":83,"column":15},"end":{"line":83,"column":33}},{"start":{"line":84,"column":16},"end":{"line":86,"column":23}}],"line":83},"11":{"loc":{"start":{"line":93,"column":9},"end":{"line":114,"column":9}},"type":"binary-expr","locations":[{"start":{"line":93,"column":10},"end":{"line":93,"column":27}},{"start":{"line":93,"column":31},"end":{"line":93,"column":49}},{"start":{"line":93,"column":53},"end":{"line":93,"column":69}},{"start":{"line":94,"column":10},"end":{"line":113,"column":16}}],"line":93},"12":{"loc":{"start":{"line":97,"column":15},"end":{"line":101,"column":15}},"type":"binary-expr","locations":[{"start":{"line":97,"column":15},"end":{"line":97,"column":32}},{"start":{"line":98,"column":16},"end":{"line":100,"column":23}}],"line":97},"13":{"loc":{"start":{"line":102,"column":15},"end":{"line":106,"column":15}},"type":"binary-expr","locations":[{"start":{"line":102,"column":15},"end":{"line":102,"column":33}},{"start":{"line":103,"column":16},"end":{"line":105,"column":23}}],"line":102},"14":{"loc":{"start":{"line":107,"column":15},"end":{"line":111,"column":15}},"type":"binary-expr","locations":[{"start":{"line":107,"column":15},"end":{"line":107,"column":31}},{"start":{"line":108,"column":16},"end":{"line":110,"column":23}}],"line":107},"15":{"loc":{"start":{"line":118,"column":11},"end":{"line":131,"column":11}},"type":"binary-expr","locations":[{"start":{"line":118,"column":11},"end":{"line":118,"column":22}},{"start":{"line":119,"column":12},"end":{"line":130,"column":16}}],"line":118}},"s":{"0":0,"1":0,"2":0},"f":{"0":0,"1":0},"b":{"0":[0,0],"1":[0,0],"2":[0,0],"3":[0,0,0,0],"4":[0,0],"5":[0,0],"6":[0,0],"7":[0,0,0,0],"8":[0,0],"9":[0,0],"10":[0,0],"11":[0,0,0,0],"12":[0,0],"13":[0,0],"14":[0,0],"15":[0,0]},"_coverageSchema":"1a1c01bbd47fc00a2c39e90264f33305004495a9","hash":"eb9671083c4958b8ebcf328985785315bffd91df"}
,"/root/projects/board_game_tracker/frontend/src/components/GameCardSkeleton.js": {"path":"/root/projects/board_game_tracker/frontend/src/components/GameCardSkeleton.js","statementMap":{"0":{"start":{"line":4,"column":2},"end":{"line":38,"column":4}}},"fnMap":{"0":{"name":"GameCardSkeleton","decl":{"start":{"line":3,"column":9},"end":{"line":3,"column":25}},"loc":{"start":{"line":3,"column":28},"end":{"line":39,"column":1}},"line":3}},"branchMap":{},"s":{"0":0},"f":{"0":0},"b":{}}
,"/root/projects/board_game_tracker/frontend/src/components/LazyImage.js": {"path":"/root/projects/board_game_tracker/frontend/src/components/LazyImage.js","statementMap":{"0":{"start":{"line":4,"column":34},"end":{"line":4,"column":49}},"1":{"start":{"line":5,"column":34},"end":{"line":5,"column":49}},"2":{"start":{"line":6,"column":17},"end":{"line":6,"column":25}},"3":{"start":{"line":8,"column":2},"end":{"line":24,"column":9}},"4":{"start":{"line":9,"column":21},"end":{"line":17,"column":5}},"5":{"start":{"line":11,"column":8},"end":{"line":14,"column":9}},"6":{"start":{"line":12,"column":10},"end":{"line":12,"column":28}},"7":{"start":{"line":13,"column":10},"end":{"line":13,"column":32}},"8":{"start":{"line":19,"column":4},"end":{"line":21,"column":5}},"9":{"start":{"line":20,"column":6},"end":{"line":20,"column":39}},"10":{"start":{"line":23,"column":4},"end":{"line":23,"column":39}},"11":{"start":{"line":23,"column":17},"end":{"line":23,"column":38}},"12":{"start":{"line":26,"column":21},"end":{"line":28,"column":3}},"13":{"start":{"line":27,"column":4},"end":{"line":27,"column":22}},"14":{"start":{"line":30,"column":2},"end":{"line":58,"column":4}}},"fnMap":{"0":{"name":"LazyImage","decl":{"start":{"line":3,"column":9},"end":{"line":3,"column":18}},"loc":{"start":{"line":3,"column":57},"end":{"line":59,"column":1}},"line":3},"1":{"name":"(anonymous_1)","decl":{"start":{"line":8,"column":12},"end":{"line":8,"column":13}},"loc":{"start":{"line":8,"column":18},"end":{"line":24,"column":3}},"line":8},"2":{"name":"(anonymous_2)","decl":{"start":{"line":10,"column":6},"end":{"line":10,"column":7}},"loc":{"start":{"line":10,"column":19},"end":{"line":15,"column":7}},"line":10},"3":{"name":"(anonymous_3)","decl":{"start":{"line":23,"column":11},"end":{"line":23,"column":12}},"loc":{"start":{"line":23,"column":17},"end":{"line":23,"column":38}},"line":23},"4":{"name":"(anonymous_4)","decl":{"start":{"line":26,"column":21},"end":{"line":26,"column":22}},"loc":{"start":{"line":26,"column":27},"end":{"line":28,"column":3}},"line":26}},"branchMap":{"0":{"loc":{"start":{"line":11,"column":8},"end":{"line":14,"column":9}},"type":"if","locations":[{"start":{"line":11,"column":8},"end":{"line":14,"column":9}},{"start":{},"end":{}}],"line":11},"1":{"loc":{"start":{"line":19,"column":4},"end":{"line":21,"column":5}},"type":"if","locations":[{"start":{"line":19,"column":4},"end":{"line":21,"column":5}},{"start":{},"end":{}}],"line":19},"2":{"loc":{"start":{"line":32,"column":7},"end":{"line":49,"column":7}},"type":"binary-expr","locations":[{"start":{"line":32,"column":7},"end":{"line":32,"column":15}},{"start":{"line":33,"column":8},"end":{"line":48,"column":11}}],"line":32},"3":{"loc":{"start":{"line":34,"column":11},"end":{"line":40,"column":11}},"type":"binary-expr","locations":[{"start":{"line":34,"column":11},"end":{"line":34,"column":20}},{"start":{"line":35,"column":12},"end":{"line":39,"column":18}}],"line":34},"4":{"loc":{"start":{"line":45,"column":39},"end":{"line":45,"column":77}},"type":"cond-expr","locations":[{"start":{"line":45,"column":50},"end":{"line":45,"column":63}},{"start":{"line":45,"column":66},"end":{"line":45,"column":77}}],"line":45},"5":{"loc":{"start":{"line":46,"column":30},"end":{"line":46,"column":57}},"type":"cond-expr","locations":[{"start":{"line":46,"column":41},"end":{"line":46,"column":48}},{"start":{"line":46,"column":51},"end":{"line":46,"column":57}}],"line":46},"6":{"loc":{"start":{"line":50,"column":7},"end":{"line":56,"column":7}},"type":"binary-expr","locations":[{"start":{"line":50,"column":7},"end":{"line":50,"column":16}},{"start":{"line":51,"column":8},"end":{"line":55,"column":14}}],"line":50}},"s":{"0":0,"1":0,"2":0,"3":0,"4":0,"5":0,"6":0,"7":0,"8":0,"9":0,"10":0,"11":0,"12":0,"13":0,"14":0},"f":{"0":0,"1":0,"2":0,"3":0,"4":0},"b":{"0":[0,0],"1":[0,0],"2":[0,0],"3":[0,0],"4":[0,0],"5":[0,0],"6":[0,0]},"_coverageSchema":"1a1c01bbd47fc00a2c39e90264f33305004495a9","hash":"6499de56d1352f1e19e67d13eff7f49296b550fb"}
,"/root/projects/board_game_tracker/frontend/src/components/Logo.js": {"path":"/root/projects/board_game_tracker/frontend/src/components/Logo.js","statementMap":{"0":{"start":{"line":3,"column":13},"end":{"line":55,"column":1}},"1":{"start":{"line":4,"column":2},"end":{"line":54,"column":4}}},"fnMap":{"0":{"name":"(anonymous_0)","decl":{"start":{"line":3,"column":13},"end":{"line":3,"column":14}},"loc":{"start":{"line":3,"column":19},"end":{"line":55,"column":1}},"line":3}},"branchMap":{},"s":{"0":0,"1":0},"f":{"0":0},"b":{}}
,"/root/projects/board_game_tracker/frontend/src/components/MoveToCollectionModal.js": {"path":"/root/projects/board_game_tracker/frontend/src/components/MoveToCollectionModal.js","statementMap":{"0":{"start":{"line":4,"column":34},"end":{"line":9,"column":4}},"1":{"start":{"line":11,"column":23},"end":{"line":18,"column":3}},"2":{"start":{"line":12,"column":4},"end":{"line":12,"column":23}},"3":{"start":{"line":13,"column":17},"end":{"line":16,"column":5}},"4":{"start":{"line":17,"column":4},"end":{"line":17,"column":26}},"5":{"start":{"line":20,"column":23},"end":{"line":26,"column":3}},"6":{"start":{"line":21,"column":18},"end":{"line":21,"column":82}},"7":{"start":{"line":22,"column":4},"end":{"line":25,"column":7}},"8":{"start":{"line":28,"column":2},"end":{"line":138,"column":4}}},"fnMap":{"0":{"name":"MoveToCollectionModal","decl":{"start":{"line":3,"column":9},"end":{"line":3,"column":30}},"loc":{"start":{"line":3,"column":58},"end":{"line":139,"column":1}},"line":3},"1":{"name":"(anonymous_1)","decl":{"start":{"line":11,"column":23},"end":{"line":11,"column":24}},"loc":{"start":{"line":11,"column":30},"end":{"line":18,"column":3}},"line":11},"2":{"name":"(anonymous_2)","decl":{"start":{"line":20,"column":23},"end":{"line":20,"column":24}},"loc":{"start":{"line":20,"column":30},"end":{"line":26,"column":3}},"line":20}},"branchMap":{"0":{"loc":{"start":{"line":15,"column":25},"end":{"line":15,"column":99}},"type":"cond-expr","locations":[{"start":{"line":15,"column":54},"end":{"line":15,"column":92}},{"start":{"line":15,"column":95},"end":{"line":15,"column":99}}],"line":15},"1":{"loc":{"start":{"line":21,"column":18},"end":{"line":21,"column":82}},"type":"cond-expr","locations":[{"start":{"line":21,"column":49},"end":{"line":21,"column":65}},{"start":{"line":21,"column":68},"end":{"line":21,"column":82}}],"line":21},"2":{"loc":{"start":{"line":100,"column":13},"end":{"line":104,"column":13}},"type":"binary-expr","locations":[{"start":{"line":100,"column":13},"end":{"line":100,"column":30}},{"start":{"line":101,"column":14},"end":{"line":103,"column":18}}],"line":100}},"s":{"0":0,"1":0,"2":0,"3":0,"4":0,"5":0,"6":0,"7":0,"8":0},"f":{"0":0,"1":0,"2":0},"b":{"0":[0,0],"1":[0,0],"2":[0,0]}}
,"/root/projects/board_game_tracker/frontend/src/components/SessionCard.js": {"path":"/root/projects/board_game_tracker/frontend/src/components/SessionCard.js","statementMap":{"0":{"start":{"line":4,"column":21},"end":{"line":11,"column":3}},"1":{"start":{"line":5,"column":17},"end":{"line":5,"column":37}},"2":{"start":{"line":6,"column":4},"end":{"line":10,"column":7}},"3":{"start":{"line":13,"column":18},"end":{"line":13,"column":58}},"4":{"start":{"line":13,"column":46},"end":{"line":13,"column":57}},"5":{"start":{"line":14,"column":24},"end":{"line":18,"column":4}},"6":{"start":{"line":15,"column":4},"end":{"line":15,"column":35}},"7":{"start":{"line":15,"column":26},"end":{"line":15,"column":35}},"8":{"start":{"line":16,"column":4},"end":{"line":16,"column":36}},"9":{"start":{"line":16,"column":26},"end":{"line":16,"column":36}},"10":{"start":{"line":17,"column":4},"end":{"line":17,"column":29}},"11":{"start":{"line":20,"column":2},"end":{"line":86,"column":4}},"12":{"start":{"line":40,"column":12},"end":{"line":58,"column":18}},"13":{"start":{"line":72,"column":27},"end":{"line":72,"column":42}},"14":{"start":{"line":78,"column":27},"end":{"line":78,"column":47}}},"fnMap":{"0":{"name":"SessionCard","decl":{"start":{"line":3,"column":9},"end":{"line":3,"column":20}},"loc":{"start":{"line":3,"column":52},"end":{"line":87,"column":1}},"line":3},"1":{"name":"(anonymous_1)","decl":{"start":{"line":4,"column":21},"end":{"line":4,"column":22}},"loc":{"start":{"line":4,"column":37},"end":{"line":11,"column":3}},"line":4},"2":{"name":"(anonymous_2)","decl":{"start":{"line":13,"column":41},"end":{"line":13,"column":42}},"loc":{"start":{"line":13,"column":46},"end":{"line":13,"column":57}},"line":13},"3":{"name":"(anonymous_3)","decl":{"start":{"line":14,"column":50},"end":{"line":14,"column":51}},"loc":{"start":{"line":14,"column":60},"end":{"line":18,"column":3}},"line":14},"4":{"name":"(anonymous_4)","decl":{"start":{"line":39,"column":29},"end":{"line":39,"column":30}},"loc":{"start":{"line":40,"column":12},"end":{"line":58,"column":18}},"line":40},"5":{"name":"(anonymous_5)","decl":{"start":{"line":72,"column":21},"end":{"line":72,"column":22}},"loc":{"start":{"line":72,"column":27},"end":{"line":72,"column":42}},"line":72},"6":{"name":"(anonymous_6)","decl":{"start":{"line":78,"column":21},"end":{"line":78,"column":22}},"loc":{"start":{"line":78,"column":27},"end":{"line":78,"column":47}},"line":78}},"branchMap":{"0":{"loc":{"start":{"line":15,"column":4},"end":{"line":15,"column":35}},"type":"if","locations":[{"start":{"line":15,"column":4},"end":{"line":15,"column":35}},{"start":{},"end":{}}],"line":15},"1":{"loc":{"start":{"line":16,"column":4},"end":{"line":16,"column":36}},"type":"if","locations":[{"start":{"line":16,"column":4},"end":{"line":16,"column":36}},{"start":{},"end":{}}],"line":16},"2":{"loc":{"start":{"line":27,"column":9},"end":{"line":33,"column":9}},"type":"binary-expr","locations":[{"start":{"line":27,"column":9},"end":{"line":27,"column":32}},{"start":{"line":28,"column":10},"end":{"line":32,"column":12}}],"line":27},"3":{"loc":{"start":{"line":43,"column":16},"end":{"line":43,"column":65}},"type":"cond-expr","locations":[{"start":{"line":43,"column":35},"end":{"line":43,"column":50}},{"start":{"line":43,"column":53},"end":{"line":43,"column":65}}],"line":43},"4":{"loc":{"start":{"line":48,"column":33},"end":{"line":48,"column":68}},"type":"cond-expr","locations":[{"start":{"line":48,"column":52},"end":{"line":48,"column":63}},{"start":{"line":48,"column":66},"end":{"line":48,"column":68}}],"line":48},"5":{"loc":{"start":{"line":51,"column":17},"end":{"line":53,"column":17}},"type":"binary-expr","locations":[{"start":{"line":51,"column":17},"end":{"line":51,"column":33}},{"start":{"line":52,"column":18},"end":{"line":52,"column":76}}],"line":51},"6":{"loc":{"start":{"line":55,"column":15},"end":{"line":57,"column":15}},"type":"binary-expr","locations":[{"start":{"line":55,"column":15},"end":{"line":55,"column":36}},{"start":{"line":56,"column":16},"end":{"line":56,"column":76}}],"line":55},"7":{"loc":{"start":{"line":63,"column":7},"end":{"line":67,"column":7}},"type":"binary-expr","locations":[{"start":{"line":63,"column":7},"end":{"line":63,"column":20}},{"start":{"line":64,"column":8},"end":{"line":66,"column":14}}],"line":63}},"s":{"0":0,"1":0,"2":0,"3":0,"4":0,"5":0,"6":0,"7":0,"8":0,"9":0,"10":0,"11":0,"12":0,"13":0,"14":0},"f":{"0":0,"1":0,"2":0,"3":0,"4":0,"5":0,"6":0},"b":{"0":[0,0],"1":[0,0],"2":[0,0],"3":[0,0],"4":[0,0],"5":[0,0],"6":[0,0],"7":[0,0]}}
,"/root/projects/board_game_tracker/frontend/src/components/ThemeToggle.js": {"path":"/root/projects/board_game_tracker/frontend/src/components/ThemeToggle.js","statementMap":{"0":{"start":{"line":5,"column":34},"end":{"line":5,"column":44}},"1":{"start":{"line":7,"column":2},"end":{"line":25,"column":4}}},"fnMap":{"0":{"name":"ThemeToggle","decl":{"start":{"line":4,"column":9},"end":{"line":4,"column":20}},"loc":{"start":{"line":4,"column":23},"end":{"line":26,"column":1}},"line":4}},"branchMap":{"0":{"loc":{"start":{"line":13,"column":7},"end":{"line":23,"column":7}},"type":"cond-expr","locations":[{"start":{"line":15,"column":8},"end":{"line":17,"column":14}},{"start":{"line":20,"column":8},"end":{"line":22,"column":14}}],"line":13}},"s":{"0":0,"1":0},"f":{"0":0},"b":{"0":[0,0]}}
,"/root/projects/board_game_tracker/frontend/src/components/Toast.js": {"path":"/root/projects/board_game_tracker/frontend/src/components/Toast.js","statementMap":{"0":{"start":{"line":4,"column":36},"end":{"line":4,"column":50}},"1":{"start":{"line":6,"column":2},"end":{"line":13,"column":26}},"2":{"start":{"line":7,"column":18},"end":{"line":10,"column":16}},"3":{"start":{"line":8,"column":6},"end":{"line":8,"column":26}},"4":{"start":{"line":9,"column":6},"end":{"line":9,"column":31}},"5":{"start":{"line":12,"column":4},"end":{"line":12,"column":37}},"6":{"start":{"line":12,"column":17},"end":{"line":12,"column":36}},"7":{"start":{"line":15,"column":18},"end":{"line":20,"column":9}},"8":{"start":{"line":22,"column":15},"end":{"line":27,"column":9}},"9":{"start":{"line":29,"column":2},"end":{"line":47,"column":4}},"10":{"start":{"line":39,"column":10},"end":{"line":39,"column":30}},"11":{"start":{"line":40,"column":10},"end":{"line":40,"column":35}}},"fnMap":{"0":{"name":"Toast","decl":{"start":{"line":3,"column":9},"end":{"line":3,"column":14}},"loc":{"start":{"line":3,"column":72},"end":{"line":48,"column":1}},"line":3},"1":{"name":"(anonymous_1)","decl":{"start":{"line":6,"column":12},"end":{"line":6,"column":13}},"loc":{"start":{"line":6,"column":18},"end":{"line":13,"column":3}},"line":6},"2":{"name":"(anonymous_2)","decl":{"start":{"line":7,"column":29},"end":{"line":7,"column":30}},"loc":{"start":{"line":7,"column":35},"end":{"line":10,"column":5}},"line":7},"3":{"name":"(anonymous_3)","decl":{"start":{"line":12,"column":11},"end":{"line":12,"column":12}},"loc":{"start":{"line":12,"column":17},"end":{"line":12,"column":36}},"line":12},"4":{"name":"(anonymous_4)","decl":{"start":{"line":38,"column":17},"end":{"line":38,"column":18}},"loc":{"start":{"line":38,"column":23},"end":{"line":41,"column":9}},"line":38}},"branchMap":{"0":{"loc":{"start":{"line":3,"column":26},"end":{"line":3,"column":42}},"type":"default-arg","locations":[{"start":{"line":3,"column":33},"end":{"line":3,"column":42}}],"line":3},"1":{"loc":{"start":{"line":3,"column":44},"end":{"line":3,"column":59}},"type":"default-arg","locations":[{"start":{"line":3,"column":55},"end":{"line":3,"column":59}}],"line":3},"2":{"loc":{"start":{"line":32,"column":8},"end":{"line":32,"column":78}},"type":"cond-expr","locations":[{"start":{"line":32,"column":20},"end":{"line":32,"column":47}},{"start":{"line":32,"column":50},"end":{"line":32,"column":78}}],"line":32}},"s":{"0":0,"1":0,"2":0,"3":0,"4":0,"5":0,"6":0,"7":0,"8":0,"9":0,"10":0,"11":0},"f":{"0":0,"1":0,"2":0,"3":0,"4":0},"b":{"0":[0],"1":[0],"2":[0,0]},"_coverageSchema":"1a1c01bbd47fc00a2c39e90264f33305004495a9","hash":"ab19aebbffd768634908c91fc6f40589f685dc99"}
,"/root/projects/board_game_tracker/frontend/src/components/WishlistCard.js": {"path":"/root/projects/board_game_tracker/frontend/src/components/WishlistCard.js","statementMap":{"0":{"start":{"line":6,"column":44},"end":{"line":6,"column":59}},"1":{"start":{"line":8,"column":25},"end":{"line":12,"column":3}},"2":{"start":{"line":14,"column":24},"end":{"line":18,"column":3}},"3":{"start":{"line":20,"column":22},"end":{"line":24,"column":10}},"4":{"start":{"line":26,"column":2},"end":{"line":144,"column":4}},"5":{"start":{"line":113,"column":29},"end":{"line":113,"column":51}},"6":{"start":{"line":123,"column":29},"end":{"line":123,"column":46}},"7":{"start":{"line":139,"column":25},"end":{"line":139,"column":48}}},"fnMap":{"0":{"name":"WishlistCard","decl":{"start":{"line":5,"column":9},"end":{"line":5,"column":21}},"loc":{"start":{"line":5,"column":62},"end":{"line":145,"column":1}},"line":5},"1":{"name":"(anonymous_1)","decl":{"start":{"line":113,"column":23},"end":{"line":113,"column":24}},"loc":{"start":{"line":113,"column":29},"end":{"line":113,"column":51}},"line":113},"2":{"name":"(anonymous_2)","decl":{"start":{"line":123,"column":23},"end":{"line":123,"column":24}},"loc":{"start":{"line":123,"column":29},"end":{"line":123,"column":46}},"line":123},"3":{"name":"(anonymous_3)","decl":{"start":{"line":139,"column":19},"end":{"line":139,"column":20}},"loc":{"start":{"line":139,"column":25},"end":{"line":139,"column":48}},"line":139}},"branchMap":{"0":{"loc":{"start":{"line":20,"column":22},"end":{"line":24,"column":10}},"type":"cond-expr","locations":[{"start":{"line":21,"column":6},"end":{"line":21,"column":35}},{"start":{"line":22,"column":6},"end":{"line":24,"column":10}}],"line":20},"1":{"loc":{"start":{"line":20,"column":22},"end":{"line":20,"column":79}},"type":"binary-expr","locations":[{"start":{"line":20,"column":22},"end":{"line":20,"column":59}},{"start":{"line":20,"column":63},"end":{"line":20,"column":79}}],"line":20},"2":{"loc":{"start":{"line":22,"column":6},"end":{"line":24,"column":10}},"type":"cond-expr","locations":[{"start":{"line":23,"column":6},"end":{"line":23,"column":55}},{"start":{"line":24,"column":6},"end":{"line":24,"column":10}}],"line":22},"3":{"loc":{"start":{"line":22,"column":6},"end":{"line":22,"column":42}},"type":"binary-expr","locations":[{"start":{"line":22,"column":6},"end":{"line":22,"column":22}},{"start":{"line":22,"column":26},"end":{"line":22,"column":42}}],"line":22},"4":{"loc":{"start":{"line":28,"column":7},"end":{"line":34,"column":7}},"type":"binary-expr","locations":[{"start":{"line":28,"column":7},"end":{"line":28,"column":21}},{"start":{"line":29,"column":8},"end":{"line":33,"column":10}}],"line":28},"5":{"loc":{"start":{"line":47,"column":9},"end":{"line":70,"column":9}},"type":"binary-expr","locations":[{"start":{"line":47,"column":10},"end":{"line":47,"column":21}},{"start":{"line":47,"column":25},"end":{"line":47,"column":42}},{"start":{"line":47,"column":46},"end":{"line":47,"column":61}},{"start":{"line":48,"column":10},"end":{"line":69,"column":16}}],"line":47},"6":{"loc":{"start":{"line":50,"column":15},"end":{"line":55,"column":15}},"type":"binary-expr","locations":[{"start":{"line":50,"column":15},"end":{"line":50,"column":26}},{"start":{"line":51,"column":16},"end":{"line":54,"column":22}}],"line":50},"7":{"loc":{"start":{"line":56,"column":15},"end":{"line":61,"column":15}},"type":"binary-expr","locations":[{"start":{"line":56,"column":15},"end":{"line":56,"column":32}},{"start":{"line":57,"column":16},"end":{"line":60,"column":22}}],"line":56},"8":{"loc":{"start":{"line":62,"column":15},"end":{"line":67,"column":15}},"type":"binary-expr","locations":[{"start":{"line":62,"column":15},"end":{"line":62,"column":30}},{"start":{"line":63,"column":16},"end":{"line":66,"column":22}}],"line":62},"9":{"loc":{"start":{"line":73,"column":9},"end":{"line":83,"column":9}},"type":"binary-expr","locations":[{"start":{"line":73,"column":9},"end":{"line":73,"column":26}},{"start":{"line":74,"column":10},"end":{"line":82,"column":16}}],"line":73},"10":{"loc":{"start":{"line":86,"column":9},"end":{"line":92,"column":9}},"type":"binary-expr","locations":[{"start":{"line":86,"column":9},"end":{"line":86,"column":19}},{"start":{"line":87,"column":10},"end":{"line":91,"column":16}}],"line":86},"11":{"loc":{"start":{"line":96,"column":11},"end":{"line":109,"column":11}},"type":"binary-expr","locations":[{"start":{"line":96,"column":11},"end":{"line":96,"column":22}},{"start":{"line":97,"column":12},"end":{"line":108,"column":16}}],"line":96},"12":{"loc":{"start":{"line":136,"column":7},"end":{"line":142,"column":7}},"type":"binary-expr","locations":[{"start":{"line":136,"column":7},"end":{"line":136,"column":20}},{"start":{"line":137,"column":8},"end":{"line":141,"column":10}}],"line":136}},"s":{"0":0,"1":0,"2":0,"3":0,"4":0,"5":0,"6":0,"7":0},"f":{"0":0,"1":0,"2":0,"3":0},"b":{"0":[0,0],"1":[0,0],"2":[0,0],"3":[0,0],"4":[0,0],"5":[0,0,0,0],"6":[0,0],"7":[0,0],"8":[0,0],"9":[0,0],"10":[0,0],"11":[0,0],"12":[0,0]}}
,"/root/projects/board_game_tracker/frontend/src/contexts/ThemeContext.js": {"path":"/root/projects/board_game_tracker/frontend/src/contexts/ThemeContext.js","statementMap":{"0":{"start":{"line":3,"column":21},"end":{"line":3,"column":36}},"1":{"start":{"line":5,"column":24},"end":{"line":11,"column":1}},"2":{"start":{"line":6,"column":18},"end":{"line":6,"column":42}},"3":{"start":{"line":7,"column":2},"end":{"line":9,"column":3}},"4":{"start":{"line":8,"column":4},"end":{"line":8,"column":68}},"5":{"start":{"line":10,"column":2},"end":{"line":10,"column":17}},"6":{"start":{"line":13,"column":29},"end":{"line":44,"column":1}},"7":{"start":{"line":14,"column":30},"end":{"line":21,"column":4}},"8":{"start":{"line":16,"column":18},"end":{"line":16,"column":50}},"9":{"start":{"line":17,"column":4},"end":{"line":19,"column":5}},"10":{"start":{"line":18,"column":6},"end":{"line":18,"column":31}},"11":{"start":{"line":20,"column":4},"end":{"line":20,"column":69}},"12":{"start":{"line":23,"column":2},"end":{"line":33,"column":15}},"13":{"start":{"line":25,"column":4},"end":{"line":25,"column":61}},"14":{"start":{"line":28,"column":4},"end":{"line":32,"column":5}},"15":{"start":{"line":29,"column":6},"end":{"line":29,"column":53}},"16":{"start":{"line":31,"column":6},"end":{"line":31,"column":56}},"17":{"start":{"line":35,"column":22},"end":{"line":37,"column":3}},"18":{"start":{"line":36,"column":4},"end":{"line":36,"column":23}},"19":{"start":{"line":39,"column":2},"end":{"line":43,"column":4}}},"fnMap":{"0":{"name":"(anonymous_0)","decl":{"start":{"line":5,"column":24},"end":{"line":5,"column":25}},"loc":{"start":{"line":5,"column":30},"end":{"line":11,"column":1}},"line":5},"1":{"name":"(anonymous_1)","decl":{"start":{"line":13,"column":29},"end":{"line":13,"column":30}},"loc":{"start":{"line":13,"column":47},"end":{"line":44,"column":1}},"line":13},"2":{"name":"(anonymous_2)","decl":{"start":{"line":14,"column":39},"end":{"line":14,"column":40}},"loc":{"start":{"line":14,"column":45},"end":{"line":21,"column":3}},"line":14},"3":{"name":"(anonymous_3)","decl":{"start":{"line":23,"column":12},"end":{"line":23,"column":13}},"loc":{"start":{"line":23,"column":18},"end":{"line":33,"column":3}},"line":23},"4":{"name":"(anonymous_4)","decl":{"start":{"line":35,"column":22},"end":{"line":35,"column":23}},"loc":{"start":{"line":35,"column":28},"end":{"line":37,"column":3}},"line":35}},"branchMap":{"0":{"loc":{"start":{"line":7,"column":2},"end":{"line":9,"column":3}},"type":"if","locations":[{"start":{"line":7,"column":2},"end":{"line":9,"column":3}},{"start":{},"end":{}}],"line":7},"1":{"loc":{"start":{"line":17,"column":4},"end":{"line":19,"column":5}},"type":"if","locations":[{"start":{"line":17,"column":4},"end":{"line":19,"column":5}},{"start":{},"end":{}}],"line":17},"2":{"loc":{"start":{"line":28,"column":4},"end":{"line":32,"column":5}},"type":"if","locations":[{"start":{"line":28,"column":4},"end":{"line":32,"column":5}},{"start":{"line":30,"column":11},"end":{"line":32,"column":5}}],"line":28}},"s":{"0":2,"1":2,"2":24,"3":23,"4":4,"5":19,"6":2,"7":114,"8":111,"9":111,"10":5,"11":106,"12":18,"13":17,"14":17,"15":15,"16":2,"17":18,"18":2,"19":18},"f":{"0":24,"1":114,"2":111,"3":17,"4":2},"b":{"0":[4,19],"1":[5,106],"2":[15,2]},"_coverageSchema":"1a1c01bbd47fc00a2c39e90264f33305004495a9","hash":"2b085eeb55cd2cb43fe5436bfc03e220ec998732"}
,"/root/projects/board_game_tracker/frontend/src/contexts/ToastContext.js": {"path":"/root/projects/board_game_tracker/frontend/src/contexts/ToastContext.js","statementMap":{"0":{"start":{"line":4,"column":21},"end":{"line":4,"column":36}},"1":{"start":{"line":6,"column":24},"end":{"line":12,"column":1}},"2":{"start":{"line":7,"column":18},"end":{"line":7,"column":42}},"3":{"start":{"line":8,"column":2},"end":{"line":10,"column":3}},"4":{"start":{"line":9,"column":4},"end":{"line":9,"column":68}},"5":{"start":{"line":11,"column":2},"end":{"line":11,"column":17}},"6":{"start":{"line":14,"column":29},"end":{"line":59,"column":1}},"7":{"start":{"line":15,"column":30},"end":{"line":15,"column":42}},"8":{"start":{"line":17,"column":19},"end":{"line":26,"column":3}},"9":{"start":{"line":18,"column":15},"end":{"line":18,"column":25}},"10":{"start":{"line":19,"column":21},"end":{"line":19,"column":52}},"11":{"start":{"line":20,"column":4},"end":{"line":20,"column":43}},"12":{"start":{"line":20,"column":22},"end":{"line":20,"column":41}},"13":{"start":{"line":23,"column":4},"end":{"line":25,"column":23}},"14":{"start":{"line":24,"column":6},"end":{"line":24,"column":22}},"15":{"start":{"line":28,"column":22},"end":{"line":30,"column":3}},"16":{"start":{"line":29,"column":4},"end":{"line":29,"column":61}},"17":{"start":{"line":29,"column":22},"end":{"line":29,"column":59}},"18":{"start":{"line":29,"column":43},"end":{"line":29,"column":58}},"19":{"start":{"line":32,"column":22},"end":{"line":32,"column":63}},"20":{"start":{"line":32,"column":35},"end":{"line":32,"column":63}},"21":{"start":{"line":33,"column":20},"end":{"line":33,"column":59}},"22":{"start":{"line":33,"column":33},"end":{"line":33,"column":59}},"23":{"start":{"line":34,"column":22},"end":{"line":34,"column":63}},"24":{"start":{"line":34,"column":35},"end":{"line":34,"column":63}},"25":{"start":{"line":35,"column":19},"end":{"line":35,"column":57}},"26":{"start":{"line":35,"column":32},"end":{"line":35,"column":57}},"27":{"start":{"line":37,"column":2},"end":{"line":58,"column":4}},"28":{"start":{"line":48,"column":10},"end":{"line":54,"column":12}},"29":{"start":{"line":53,"column":27},"end":{"line":53,"column":48}}},"fnMap":{"0":{"name":"(anonymous_0)","decl":{"start":{"line":6,"column":24},"end":{"line":6,"column":25}},"loc":{"start":{"line":6,"column":30},"end":{"line":12,"column":1}},"line":6},"1":{"name":"(anonymous_1)","decl":{"start":{"line":14,"column":29},"end":{"line":14,"column":30}},"loc":{"start":{"line":14,"column":47},"end":{"line":59,"column":1}},"line":14},"2":{"name":"(anonymous_2)","decl":{"start":{"line":17,"column":19},"end":{"line":17,"column":20}},"loc":{"start":{"line":17,"column":67},"end":{"line":26,"column":3}},"line":17},"3":{"name":"(anonymous_3)","decl":{"start":{"line":20,"column":14},"end":{"line":20,"column":15}},"loc":{"start":{"line":20,"column":22},"end":{"line":20,"column":41}},"line":20},"4":{"name":"(anonymous_4)","decl":{"start":{"line":23,"column":15},"end":{"line":23,"column":16}},"loc":{"start":{"line":23,"column":21},"end":{"line":25,"column":5}},"line":23},"5":{"name":"(anonymous_5)","decl":{"start":{"line":28,"column":22},"end":{"line":28,"column":23}},"loc":{"start":{"line":28,"column":30},"end":{"line":30,"column":3}},"line":28},"6":{"name":"(anonymous_6)","decl":{"start":{"line":29,"column":14},"end":{"line":29,"column":15}},"loc":{"start":{"line":29,"column":22},"end":{"line":29,"column":59}},"line":29},"7":{"name":"(anonymous_7)","decl":{"start":{"line":29,"column":34},"end":{"line":29,"column":35}},"loc":{"start":{"line":29,"column":43},"end":{"line":29,"column":58}},"line":29},"8":{"name":"(anonymous_8)","decl":{"start":{"line":32,"column":22},"end":{"line":32,"column":23}},"loc":{"start":{"line":32,"column":35},"end":{"line":32,"column":63}},"line":32},"9":{"name":"(anonymous_9)","decl":{"start":{"line":33,"column":20},"end":{"line":33,"column":21}},"loc":{"start":{"line":33,"column":33},"end":{"line":33,"column":59}},"line":33},"10":{"name":"(anonymous_10)","decl":{"start":{"line":34,"column":22},"end":{"line":34,"column":23}},"loc":{"start":{"line":34,"column":35},"end":{"line":34,"column":63}},"line":34},"11":{"name":"(anonymous_11)","decl":{"start":{"line":35,"column":19},"end":{"line":35,"column":20}},"loc":{"start":{"line":35,"column":32},"end":{"line":35,"column":57}},"line":35},"12":{"name":"(anonymous_12)","decl":{"start":{"line":47,"column":20},"end":{"line":47,"column":21}},"loc":{"start":{"line":48,"column":10},"end":{"line":54,"column":12}},"line":48},"13":{"name":"(anonymous_13)","decl":{"start":{"line":53,"column":21},"end":{"line":53,"column":22}},"loc":{"start":{"line":53,"column":27},"end":{"line":53,"column":48}},"line":53}},"branchMap":{"0":{"loc":{"start":{"line":8,"column":2},"end":{"line":10,"column":3}},"type":"if","locations":[{"start":{"line":8,"column":2},"end":{"line":10,"column":3}},{"start":{},"end":{}}],"line":8},"1":{"loc":{"start":{"line":17,"column":29},"end":{"line":17,"column":45}},"type":"default-arg","locations":[{"start":{"line":17,"column":36},"end":{"line":17,"column":45}}],"line":17},"2":{"loc":{"start":{"line":17,"column":47},"end":{"line":17,"column":62}},"type":"default-arg","locations":[{"start":{"line":17,"column":58},"end":{"line":17,"column":62}}],"line":17}},"s":{"0":1,"1":1,"2":0,"3":0,"4":0,"5":0,"6":1,"7":0,"8":0,"9":0,"10":0,"11":0,"12":0,"13":0,"14":0,"15":0,"16":0,"17":0,"18":0,"19":0,"20":0,"21":0,"22":0,"23":0,"24":0,"25":0,"26":0,"27":0,"28":0,"29":0},"f":{"0":0,"1":0,"2":0,"3":0,"4":0,"5":0,"6":0,"7":0,"8":0,"9":0,"10":0,"11":0,"12":0,"13":0},"b":{"0":[0,0],"1":[0],"2":[0]},"_coverageSchema":"1a1c01bbd47fc00a2c39e90264f33305004495a9","hash":"e6f5de36c0c9704b817698e2921f6a156e4890d3"}
,"/root/projects/board_game_tracker/frontend/src/pages/GamesPage.js": {"path":"/root/projects/board_game_tracker/frontend/src/pages/GamesPage.js","statementMap":{"0":{"start":{"line":10,"column":37},"end":{"line":10,"column":47}},"1":{"start":{"line":11,"column":28},"end":{"line":11,"column":40}},"2":{"start":{"line":12,"column":44},"end":{"line":12,"column":56}},"3":{"start":{"line":13,"column":42},"end":{"line":13,"column":57}},"4":{"start":{"line":14,"column":44},"end":{"line":14,"column":59}},"5":{"start":{"line":15,"column":40},"end":{"line":15,"column":54}},"6":{"start":{"line":16,"column":32},"end":{"line":16,"column":46}},"7":{"start":{"line":17,"column":38},"end":{"line":17,"column":50}},"8":{"start":{"line":18,"column":40},"end":{"line":18,"column":52}},"9":{"start":{"line":19,"column":52},"end":{"line":19,"column":64}},"10":{"start":{"line":20,"column":30},"end":{"line":20,"column":46}},"11":{"start":{"line":22,"column":2},"end":{"line":24,"column":9}},"12":{"start":{"line":23,"column":4},"end":{"line":23,"column":17}},"13":{"start":{"line":26,"column":21},"end":{"line":36,"column":3}},"14":{"start":{"line":27,"column":4},"end":{"line":35,"column":5}},"15":{"start":{"line":28,"column":23},"end":{"line":28,"column":43}},"16":{"start":{"line":29,"column":6},"end":{"line":29,"column":30}},"17":{"start":{"line":30,"column":6},"end":{"line":30,"column":38}},"18":{"start":{"line":32,"column":6},"end":{"line":32,"column":52}},"19":{"start":{"line":34,"column":6},"end":{"line":34,"column":24}},"20":{"start":{"line":39,"column":2},"end":{"line":83,"column":66}},"21":{"start":{"line":40,"column":19},"end":{"line":40,"column":29}},"22":{"start":{"line":43,"column":4},"end":{"line":48,"column":5}},"23":{"start":{"line":44,"column":6},"end":{"line":47,"column":8}},"24":{"start":{"line":45,"column":8},"end":{"line":46,"column":67}},"25":{"start":{"line":51,"column":4},"end":{"line":53,"column":5}},"26":{"start":{"line":52,"column":6},"end":{"line":52,"column":69}},"27":{"start":{"line":52,"column":41},"end":{"line":52,"column":67}},"28":{"start":{"line":56,"column":4},"end":{"line":62,"column":5}},"29":{"start":{"line":57,"column":26},"end":{"line":57,"column":53}},"30":{"start":{"line":58,"column":6},"end":{"line":61,"column":9}},"31":{"start":{"line":59,"column":8},"end":{"line":59,"column":64}},"32":{"start":{"line":59,"column":52},"end":{"line":59,"column":64}},"33":{"start":{"line":60,"column":8},"end":{"line":60,"column":82}},"34":{"start":{"line":65,"column":4},"end":{"line":80,"column":7}},"35":{"start":{"line":66,"column":6},"end":{"line":79,"column":7}},"36":{"start":{"line":68,"column":10},"end":{"line":68,"column":46}},"37":{"start":{"line":70,"column":10},"end":{"line":70,"column":59}},"38":{"start":{"line":72,"column":10},"end":{"line":72,"column":63}},"39":{"start":{"line":74,"column":10},"end":{"line":74,"column":69}},"40":{"start":{"line":76,"column":10},"end":{"line":76,"column":65}},"41":{"start":{"line":78,"column":10},"end":{"line":78,"column":46}},"42":{"start":{"line":82,"column":4},"end":{"line":82,"column":31}},"43":{"start":{"line":85,"column":24},"end":{"line":95,"column":3}},"44":{"start":{"line":86,"column":4},"end":{"line":94,"column":5}},"45":{"start":{"line":87,"column":6},"end":{"line":87,"column":37}},"46":{"start":{"line":88,"column":6},"end":{"line":88,"column":25}},"47":{"start":{"line":89,"column":6},"end":{"line":89,"column":29}},"48":{"start":{"line":90,"column":6},"end":{"line":90,"column":46}},"49":{"start":{"line":92,"column":6},"end":{"line":92,"column":49}},"50":{"start":{"line":93,"column":6},"end":{"line":93,"column":57}},"51":{"start":{"line":97,"column":25},"end":{"line":100,"column":3}},"52":{"start":{"line":98,"column":4},"end":{"line":98,"column":25}},"53":{"start":{"line":99,"column":4},"end":{"line":99,"column":27}},"54":{"start":{"line":102,"column":25},"end":{"line":113,"column":3}},"55":{"start":{"line":103,"column":4},"end":{"line":112,"column":5}},"56":{"start":{"line":104,"column":6},"end":{"line":104,"column":53}},"57":{"start":{"line":105,"column":6},"end":{"line":105,"column":25}},"58":{"start":{"line":106,"column":6},"end":{"line":106,"column":30}},"59":{"start":{"line":107,"column":6},"end":{"line":107,"column":27}},"60":{"start":{"line":108,"column":6},"end":{"line":108,"column":48}},"61":{"start":{"line":110,"column":6},"end":{"line":110,"column":51}},"62":{"start":{"line":111,"column":6},"end":{"line":111,"column":60}},"63":{"start":{"line":115,"column":27},"end":{"line":126,"column":3}},"64":{"start":{"line":116,"column":4},"end":{"line":125,"column":5}},"65":{"start":{"line":117,"column":6},"end":{"line":124,"column":7}},"66":{"start":{"line":118,"column":8},"end":{"line":118,"column":37}},"67":{"start":{"line":119,"column":8},"end":{"line":119,"column":27}},"68":{"start":{"line":120,"column":8},"end":{"line":120,"column":50}},"69":{"start":{"line":122,"column":8},"end":{"line":122,"column":53}},"70":{"start":{"line":123,"column":8},"end":{"line":123,"column":62}},"71":{"start":{"line":129,"column":23},"end":{"line":129,"column":73}},"72":{"start":{"line":129,"column":53},"end":{"line":129,"column":63}},"73":{"start":{"line":131,"column":2},"end":{"line":169,"column":3}},"74":{"start":{"line":132,"column":4},"end":{"line":168,"column":6}},"75":{"start":{"line":164,"column":12},"end":{"line":164,"column":44}},"76":{"start":{"line":171,"column":2},"end":{"line":321,"column":4}},"77":{"start":{"line":176,"column":25},"end":{"line":176,"column":46}},"78":{"start":{"line":195,"column":31},"end":{"line":195,"column":60}},"79":{"start":{"line":207,"column":31},"end":{"line":207,"column":61}},"80":{"start":{"line":212,"column":16},"end":{"line":212,"column":66}},"81":{"start":{"line":224,"column":31},"end":{"line":224,"column":67}},"82":{"start":{"line":244,"column":31},"end":{"line":244,"column":56}},"83":{"start":{"line":264,"column":16},"end":{"line":264,"column":34}},"84":{"start":{"line":265,"column":16},"end":{"line":265,"column":35}},"85":{"start":{"line":266,"column":16},"end":{"line":266,"column":41}},"86":{"start":{"line":278,"column":10},"end":{"line":283,"column":12}},"87":{"start":{"line":282,"column":28},"end":{"line":282,"column":53}},"88":{"start":{"line":292,"column":14},"end":{"line":292,"column":32}},"89":{"start":{"line":293,"column":14},"end":{"line":293,"column":33}},"90":{"start":{"line":294,"column":14},"end":{"line":294,"column":39}},"91":{"start":{"line":305,"column":25},"end":{"line":305,"column":47}},"92":{"start":{"line":314,"column":12},"end":{"line":314,"column":36}},"93":{"start":{"line":315,"column":12},"end":{"line":315,"column":33}}},"fnMap":{"0":{"name":"GamesPage","decl":{"start":{"line":9,"column":9},"end":{"line":9,"column":18}},"loc":{"start":{"line":9,"column":21},"end":{"line":322,"column":1}},"line":9},"1":{"name":"(anonymous_1)","decl":{"start":{"line":22,"column":12},"end":{"line":22,"column":13}},"loc":{"start":{"line":22,"column":18},"end":{"line":24,"column":3}},"line":22},"2":{"name":"(anonymous_2)","decl":{"start":{"line":26,"column":21},"end":{"line":26,"column":22}},"loc":{"start":{"line":26,"column":33},"end":{"line":36,"column":3}},"line":26},"3":{"name":"(anonymous_3)","decl":{"start":{"line":39,"column":12},"end":{"line":39,"column":13}},"loc":{"start":{"line":39,"column":18},"end":{"line":83,"column":3}},"line":39},"4":{"name":"(anonymous_4)","decl":{"start":{"line":44,"column":33},"end":{"line":44,"column":34}},"loc":{"start":{"line":45,"column":8},"end":{"line":46,"column":67}},"line":45},"5":{"name":"(anonymous_5)","decl":{"start":{"line":52,"column":33},"end":{"line":52,"column":34}},"loc":{"start":{"line":52,"column":41},"end":{"line":52,"column":67}},"line":52},"6":{"name":"(anonymous_6)","decl":{"start":{"line":58,"column":33},"end":{"line":58,"column":34}},"loc":{"start":{"line":58,"column":41},"end":{"line":61,"column":7}},"line":58},"7":{"name":"(anonymous_7)","decl":{"start":{"line":65,"column":18},"end":{"line":65,"column":19}},"loc":{"start":{"line":65,"column":28},"end":{"line":80,"column":5}},"line":65},"8":{"name":"(anonymous_8)","decl":{"start":{"line":85,"column":24},"end":{"line":85,"column":25}},"loc":{"start":{"line":85,"column":44},"end":{"line":95,"column":3}},"line":85},"9":{"name":"(anonymous_9)","decl":{"start":{"line":97,"column":25},"end":{"line":97,"column":26}},"loc":{"start":{"line":97,"column":35},"end":{"line":100,"column":3}},"line":97},"10":{"name":"(anonymous_10)","decl":{"start":{"line":102,"column":25},"end":{"line":102,"column":26}},"loc":{"start":{"line":102,"column":45},"end":{"line":113,"column":3}},"line":102},"11":{"name":"(anonymous_11)","decl":{"start":{"line":115,"column":27},"end":{"line":115,"column":28}},"loc":{"start":{"line":115,"column":45},"end":{"line":126,"column":3}},"line":115},"12":{"name":"(anonymous_12)","decl":{"start":{"line":129,"column":45},"end":{"line":129,"column":46}},"loc":{"start":{"line":129,"column":53},"end":{"line":129,"column":63}},"line":129},"13":{"name":"(anonymous_13)","decl":{"start":{"line":163,"column":29},"end":{"line":163,"column":30}},"loc":{"start":{"line":164,"column":12},"end":{"line":164,"column":44}},"line":164},"14":{"name":"(anonymous_14)","decl":{"start":{"line":176,"column":19},"end":{"line":176,"column":20}},"loc":{"start":{"line":176,"column":25},"end":{"line":176,"column":46}},"line":176},"15":{"name":"(anonymous_15)","decl":{"start":{"line":195,"column":24},"end":{"line":195,"column":25}},"loc":{"start":{"line":195,"column":31},"end":{"line":195,"column":60}},"line":195},"16":{"name":"(anonymous_16)","decl":{"start":{"line":207,"column":24},"end":{"line":207,"column":25}},"loc":{"start":{"line":207,"column":31},"end":{"line":207,"column":61}},"line":207},"17":{"name":"(anonymous_17)","decl":{"start":{"line":211,"column":32},"end":{"line":211,"column":33}},"loc":{"start":{"line":212,"column":16},"end":{"line":212,"column":66}},"line":212},"18":{"name":"(anonymous_18)","decl":{"start":{"line":224,"column":24},"end":{"line":224,"column":25}},"loc":{"start":{"line":224,"column":31},"end":{"line":224,"column":67}},"line":224},"19":{"name":"(anonymous_19)","decl":{"start":{"line":244,"column":24},"end":{"line":244,"column":25}},"loc":{"start":{"line":244,"column":31},"end":{"line":244,"column":56}},"line":244},"20":{"name":"(anonymous_20)","decl":{"start":{"line":263,"column":23},"end":{"line":263,"column":24}},"loc":{"start":{"line":263,"column":29},"end":{"line":267,"column":15}},"line":263},"21":{"name":"(anonymous_21)","decl":{"start":{"line":277,"column":27},"end":{"line":277,"column":28}},"loc":{"start":{"line":278,"column":10},"end":{"line":283,"column":12}},"line":278},"22":{"name":"(anonymous_22)","decl":{"start":{"line":282,"column":22},"end":{"line":282,"column":23}},"loc":{"start":{"line":282,"column":28},"end":{"line":282,"column":53}},"line":282},"23":{"name":"(anonymous_23)","decl":{"start":{"line":291,"column":21},"end":{"line":291,"column":22}},"loc":{"start":{"line":291,"column":27},"end":{"line":295,"column":13}},"line":291},"24":{"name":"(anonymous_24)","decl":{"start":{"line":305,"column":19},"end":{"line":305,"column":20}},"loc":{"start":{"line":305,"column":25},"end":{"line":305,"column":47}},"line":305},"25":{"name":"(anonymous_25)","decl":{"start":{"line":313,"column":19},"end":{"line":313,"column":20}},"loc":{"start":{"line":313,"column":25},"end":{"line":316,"column":11}},"line":313}},"branchMap":{"0":{"loc":{"start":{"line":43,"column":4},"end":{"line":48,"column":5}},"type":"if","locations":[{"start":{"line":43,"column":4},"end":{"line":48,"column":5}},{"start":{},"end":{}}],"line":43},"1":{"loc":{"start":{"line":45,"column":8},"end":{"line":46,"column":67}},"type":"binary-expr","locations":[{"start":{"line":45,"column":8},"end":{"line":45,"column":66}},{"start":{"line":46,"column":8},"end":{"line":46,"column":67}}],"line":45},"2":{"loc":{"start":{"line":51,"column":4},"end":{"line":53,"column":5}},"type":"if","locations":[{"start":{"line":51,"column":4},"end":{"line":53,"column":5}},{"start":{},"end":{}}],"line":51},"3":{"loc":{"start":{"line":56,"column":4},"end":{"line":62,"column":5}},"type":"if","locations":[{"start":{"line":56,"column":4},"end":{"line":62,"column":5}},{"start":{},"end":{}}],"line":56},"4":{"loc":{"start":{"line":59,"column":8},"end":{"line":59,"column":64}},"type":"if","locations":[{"start":{"line":59,"column":8},"end":{"line":59,"column":64}},{"start":{},"end":{}}],"line":59},"5":{"loc":{"start":{"line":59,"column":12},"end":{"line":59,"column":50}},"type":"binary-expr","locations":[{"start":{"line":59,"column":12},"end":{"line":59,"column":29}},{"start":{"line":59,"column":33},"end":{"line":59,"column":50}}],"line":59},"6":{"loc":{"start":{"line":60,"column":15},"end":{"line":60,"column":81}},"type":"binary-expr","locations":[{"start":{"line":60,"column":15},"end":{"line":60,"column":46}},{"start":{"line":60,"column":50},"end":{"line":60,"column":81}}],"line":60},"7":{"loc":{"start":{"line":66,"column":6},"end":{"line":79,"column":7}},"type":"switch","locations":[{"start":{"line":67,"column":8},"end":{"line":68,"column":46}},{"start":{"line":69,"column":8},"end":{"line":70,"column":59}},{"start":{"line":71,"column":8},"end":{"line":72,"column":63}},{"start":{"line":73,"column":8},"end":{"line":74,"column":69}},{"start":{"line":75,"column":8},"end":{"line":76,"column":65}},{"start":{"line":77,"column":8},"end":{"line":78,"column":46}}],"line":66},"8":{"loc":{"start":{"line":70,"column":18},"end":{"line":70,"column":35}},"type":"binary-expr","locations":[{"start":{"line":70,"column":18},"end":{"line":70,"column":30}},{"start":{"line":70,"column":34},"end":{"line":70,"column":35}}],"line":70},"9":{"loc":{"start":{"line":70,"column":40},"end":{"line":70,"column":57}},"type":"binary-expr","locations":[{"start":{"line":70,"column":40},"end":{"line":70,"column":52}},{"start":{"line":70,"column":56},"end":{"line":70,"column":57}}],"line":70},"10":{"loc":{"start":{"line":72,"column":18},"end":{"line":72,"column":37}},"type":"binary-expr","locations":[{"start":{"line":72,"column":18},"end":{"line":72,"column":32}},{"start":{"line":72,"column":36},"end":{"line":72,"column":37}}],"line":72},"11":{"loc":{"start":{"line":72,"column":42},"end":{"line":72,"column":61}},"type":"binary-expr","locations":[{"start":{"line":72,"column":42},"end":{"line":72,"column":56}},{"start":{"line":72,"column":60},"end":{"line":72,"column":61}}],"line":72},"12":{"loc":{"start":{"line":74,"column":18},"end":{"line":74,"column":40}},"type":"binary-expr","locations":[{"start":{"line":74,"column":18},"end":{"line":74,"column":32}},{"start":{"line":74,"column":36},"end":{"line":74,"column":40}}],"line":74},"13":{"loc":{"start":{"line":74,"column":45},"end":{"line":74,"column":67}},"type":"binary-expr","locations":[{"start":{"line":74,"column":45},"end":{"line":74,"column":59}},{"start":{"line":74,"column":63},"end":{"line":74,"column":67}}],"line":74},"14":{"loc":{"start":{"line":116,"column":4},"end":{"line":125,"column":5}},"type":"if","locations":[{"start":{"line":116,"column":4},"end":{"line":125,"column":5}},{"start":{},"end":{}}],"line":116},"15":{"loc":{"start":{"line":131,"column":2},"end":{"line":169,"column":3}},"type":"if","locations":[{"start":{"line":131,"column":2},"end":{"line":169,"column":3}},{"start":{},"end":{}}],"line":131},"16":{"loc":{"start":{"line":261,"column":11},"end":{"line":272,"column":11}},"type":"binary-expr","locations":[{"start":{"line":261,"column":12},"end":{"line":261,"column":22}},{"start":{"line":261,"colu
[...]
lumn":10},"end":{"line":155,"column":23}},{"start":{"line":155,"column":27},"end":{"line":155,"column":51}}],"line":155},"16":{"loc":{"start":{"line":158,"column":28},"end":{"line":158,"column":52}},"type":"binary-expr","locations":[{"start":{"line":158,"column":28},"end":{"line":158,"column":40}},{"start":{"line":158,"column":44},"end":{"line":158,"column":52}}],"line":158},"17":{"loc":{"start":{"line":230,"column":11},"end":{"line":230,"column":63}},"type":"cond-expr","locations":[{"start":{"line":230,"column":21},"end":{"line":230,"column":44}},{"start":{"line":230,"column":47},"end":{"line":230,"column":63}}],"line":230},"18":{"loc":{"start":{"line":271,"column":11},"end":{"line":271,"column":89}},"type":"cond-expr","locations":[{"start":{"line":271,"column":29},"end":{"line":271,"column":61}},{"start":{"line":271,"column":64},"end":{"line":271,"column":89}}],"line":271},"19":{"loc":{"start":{"line":275,"column":7},"end":{"line":349,"column":7}},"type":"binary-expr","locations":[{"start":{"line":275,"column":7},"end":{"line":275,"column":17}},{"start":{"line":276,"column":8},"end":{"line":348,"column":14}}],"line":275},"20":{"loc":{"start":{"line":279,"column":11},"end":{"line":347,"column":11}},"type":"cond-expr","locations":[{"start":{"line":280,"column":12},"end":{"line":308,"column":18}},{"start":{"line":310,"column":12},"end":{"line":346,"column":18}}],"line":279},"21":{"loc":{"start":{"line":282,"column":17},"end":{"line":288,"column":17}},"type":"binary-expr","locations":[{"start":{"line":282,"column":17},"end":{"line":282,"column":40}},{"start":{"line":283,"column":18},"end":{"line":287,"column":20}}],"line":282},"22":{"loc":{"start":{"line":294,"column":21},"end":{"line":296,"column":21}},"type":"binary-expr","locations":[{"start":{"line":294,"column":21},"end":{"line":294,"column":47}},{"start":{"line":295,"column":22},"end":{"line":295,"column":113}}],"line":294},"23":{"loc":{"start":{"line":297,"column":21},"end":{"line":299,"column":21}},"type":"binary-expr","locations":[{"start":{"line":297,"column":21},"end":{"line":297,"column":45}},{"start":{"line":298,"column":22},"end":{"line":298,"column":106}}],"line":297},"24":{"loc":{"start":{"line":334,"column":17},"end":{"line":344,"column":17}},"type":"binary-expr","locations":[{"start":{"line":334,"column":17},"end":{"line":334,"column":31}},{"start":{"line":335,"column":18},"end":{"line":343,"column":27}}],"line":334},"25":{"loc":{"start":{"line":351,"column":7},"end":{"line":391,"column":7}},"type":"binary-expr","locations":[{"start":{"line":351,"column":7},"end":{"line":351,"column":25}},{"start":{"line":352,"column":8},"end":{"line":390,"column":14}}],"line":351},"26":{"loc":{"start":{"line":394,"column":7},"end":{"line":407,"column":7}},"type":"binary-expr","locations":[{"start":{"line":394,"column":7},"end":{"line":394,"column":24}},{"start":{"line":395,"column":8},"end":{"line":406,"column":10}}],"line":394},"27":{"loc":{"start":{"line":409,"column":7},"end":{"line":422,"column":7}},"type":"binary-expr","locations":[{"start":{"line":409,"column":7},"end":{"line":409,"column":26}},{"start":{"line":410,"column":8},"end":{"line":421,"column":10}}],"line":409}},"s":{"0":0,"1":0,"2":0,"3":0,"4":0,"5":0,"6":0,"7":0,"8":0,"9":0,"10":0,"11":0,"12":0,"13":0,"14":0,"15":0,"16":0,"17":0,"18":0,"19":0,"20":0,"21":0,"22":0,"23":0,"24":0,"25":0,"26":0,"27":0,"28":0,"29":0,"30":0,"31":0,"32":0,"33":0,"34":0,"35":0,"36":0,"37":0,"38":0,"39":0,"40":0,"41":0,"42":0,"43":0,"44":0,"45":0,"46":0,"47":0,"48":0,"49":0,"50":0,"51":0,"52":0,"53":0,"54":0,"55":0,"56":0,"57":0,"58":0,"59":0,"60":0,"61":0,"62":0,"63":0,"64":0,"65":0,"66":0,"67":0,"68":0,"69":0,"70":0,"71":0,"72":0,"73":0,"74":0,"75":0,"76":0,"77":0,"78":0,"79":0,"80":0,"81":0,"82":0,"83":0,"84":0,"85":0,"86":0,"87":0,"88":0,"89":0,"90":0,"91":0,"92":0,"93":0,"94":0,"95":0,"96":0,"97":0,"98":0,"99":0,"100":0,"101":0,"102":0,"103":0,"104":0,"105":0,"106":0,"107":0,"108":0,"109":0,"110":0,"111":0,"112":0,"113":0,"114":0,"115":0,"116":0,"117":0,"118":0,"119":0},"f":{"0":0,"1":0,"2":0,"3":0,"4":0,"5":0,"6":0,"7":0,"8":0,"9":0,"10":0,"11":0,"12":0,"13":0,"14":0,"15":0,"16":0,"17":0,"18":0,"19":0,"20":0,"21":0,"22":0,"23":0,"24":0,"25":0,"26":0,"27":0,"28":0},"b":{"0":[0,0],"1":[0,0],"2":[0,0],"3":[0,0],"4":[0,0],"5":[0,0],"6":[0,0],"7":[0,0],"8":[0,0],"9":[0,0],"10":[0,0],"11":[0,0],"12":[0,0],"13":[0,0],"14":[0,0],"15":[0,0],"16":[0,0],"17":[0,0],"18":[0,0],"19":[0,0],"20":[0,0],"21":[0,0],"22":[0,0],"23":[0,0],"24":[0,0],"25":[0,0],"26":[0,0],"27":[0,0]}}
,"/root/projects/board_game_tracker/frontend/src/pages/WishlistPage.js": {"path":"/root/projects/board_game_tracker/frontend/src/pages/WishlistPage.js","statementMap":{"0":{"start":{"line":7,"column":37},"end":{"line":7,"column":47}},"1":{"start":{"line":8,"column":34},"end":{"line":8,"column":46}},"2":{"start":{"line":9,"column":42},"end":{"line":9,"column":57}},"3":{"start":{"line":10,"column":32},"end":{"line":10,"column":46}},"4":{"start":{"line":11,"column":46},"end":{"line":11,"column":58}},"5":{"start":{"line":13,"column":24},"end":{"line":24,"column":17}},"6":{"start":{"line":14,"column":4},"end":{"line":23,"column":5}},"7":{"start":{"line":15,"column":23},"end":{"line":15,"column":51}},"8":{"start":{"line":16,"column":19},"end":{"line":16,"column":40}},"9":{"start":{"line":17,"column":6},"end":{"line":17,"column":24}},"10":{"start":{"line":19,"column":6},"end":{"line":19,"column":55}},"11":{"start":{"line":20,"column":6},"end":{"line":20,"column":43}},"12":{"start":{"line":22,"column":6},"end":{"line":22,"column":24}},"13":{"start":{"line":26,"column":2},"end":{"line":28,"column":22}},"14":{"start":{"line":27,"column":4},"end":{"line":27,"column":20}},"15":{"start":{"line":30,"column":24},"end":{"line":51,"column":3}},"16":{"start":{"line":31,"column":4},"end":{"line":50,"column":5}},"17":{"start":{"line":32,"column":23},"end":{"line":38,"column":8}},"18":{"start":{"line":40,"column":6},"end":{"line":46,"column":7}},"19":{"start":{"line":41,"column":8},"end":{"line":41,"column":30}},"20":{"start":{"line":42,"column":8},"end":{"line":42,"column":31}},"21":{"start":{"line":43,"column":8},"end":{"line":43,"column":47}},"22":{"start":{"line":45,"column":8},"end":{"line":45,"column":52}},"23":{"start":{"line":48,"column":6},"end":{"line":48,"column":56}},"24":{"start":{"line":49,"column":6},"end":{"line":49,"column":50}},"25":{"start":{"line":53,"column":27},"end":{"line":71,"column":3}},"26":{"start":{"line":54,"column":4},"end":{"line":70,"column":5}},"27":{"start":{"line":55,"column":6},"end":{"line":69,"column":7}},"28":{"start":{"line":56,"column":25},"end":{"line":58,"column":10}},"29":{"start":{"line":60,"column":8},"end":{"line":65,"column":9}},"30":{"start":{"line":61,"column":10},"end":{"line":61,"column":32}},"31":{"start":{"line":62,"column":10},"end":{"line":62,"column":52}},"32":{"start":{"line":64,"column":10},"end":{"line":64,"column":45}},"33":{"start":{"line":67,"column":8},"end":{"line":67,"column":62}},"34":{"start":{"line":68,"column":8},"end":{"line":68,"column":43}},"35":{"start":{"line":73,"column":33},"end":{"line":93,"column":3}},"36":{"start":{"line":74,"column":4},"end":{"line":92,"column":5}},"37":{"start":{"line":75,"column":23},"end":{"line":81,"column":8}},"38":{"start":{"line":83,"column":6},"end":{"line":88,"column":7}},"39":{"start":{"line":84,"column":8},"end":{"line":84,"column":30}},"40":{"start":{"line":85,"column":8},"end":{"line":85,"column":49}},"41":{"start":{"line":87,"column":8},"end":{"line":87,"column":55}},"42":{"start":{"line":90,"column":6},"end":{"line":90,"column":58}},"43":{"start":{"line":91,"column":6},"end":{"line":91,"column":53}},"44":{"start":{"line":95,"column":27},"end":{"line":97,"column":14}},"45":{"start":{"line":96,"column":30},"end":{"line":96,"column":62}},"46":{"start":{"line":99,"column":25},"end":{"line":103,"column":3}},"47":{"start":{"line":100,"column":42},"end":{"line":100,"column":66}},"48":{"start":{"line":101,"column":44},"end":{"line":101,"column":70}},"49":{"start":{"line":102,"column":41},"end":{"line":102,"column":64}},"50":{"start":{"line":105,"column":2},"end":{"line":111,"column":3}},"51":{"start":{"line":106,"column":4},"end":{"line":110,"column":6}},"52":{"start":{"line":113,"column":2},"end":{"line":223,"column":4}},"53":{"start":{"line":126,"column":25},"end":{"line":126,"column":46}},"54":{"start":{"line":141,"column":29},"end":{"line":141,"column":62}},"55":{"start":{"line":159,"column":12},"end":{"line":182,"column":13}},"56":{"start":{"line":173,"column":20},"end":{"line":178,"column":22}},"57":{"start":{"line":188,"column":12},"end":{"line":193,"column":14}},"58":{"start":{"line":208,"column":27},"end":{"line":208,"column":48}},"59":{"start":{"line":218,"column":25},"end":{"line":218,"column":47}}},"fnMap":{"0":{"name":"WishlistPage","decl":{"start":{"line":6,"column":9},"end":{"line":6,"column":21}},"loc":{"start":{"line":6,"column":24},"end":{"line":224,"column":1}},"line":6},"1":{"name":"(anonymous_1)","decl":{"start":{"line":13,"column":36},"end":{"line":13,"column":37}},"loc":{"start":{"line":13,"column":48},"end":{"line":24,"column":3}},"line":13},"2":{"name":"(anonymous_2)","decl":{"start":{"line":26,"column":12},"end":{"line":26,"column":13}},"loc":{"start":{"line":26,"column":18},"end":{"line":28,"column":3}},"line":26},"3":{"name":"(anonymous_3)","decl":{"start":{"line":30,"column":24},"end":{"line":30,"column":25}},"loc":{"start":{"line":30,"column":44},"end":{"line":51,"column":3}},"line":30},"4":{"name":"(anonymous_4)","decl":{"start":{"line":53,"column":27},"end":{"line":53,"column":28}},"loc":{"start":{"line":53,"column":45},"end":{"line":71,"column":3}},"line":53},"5":{"name":"(anonymous_5)","decl":{"start":{"line":73,"column":33},"end":{"line":73,"column":34}},"loc":{"start":{"line":73,"column":67},"end":{"line":93,"column":3}},"line":73},"6":{"name":"(anonymous_6)","decl":{"start":{"line":96,"column":22},"end":{"line":96,"column":23}},"loc":{"start":{"line":96,"column":30},"end":{"line":96,"column":62}},"line":96},"7":{"name":"(anonymous_7)","decl":{"start":{"line":100,"column":34},"end":{"line":100,"column":35}},"loc":{"start":{"line":100,"column":42},"end":{"line":100,"column":66}},"line":100},"8":{"name":"(anonymous_8)","decl":{"start":{"line":101,"column":36},"end":{"line":101,"column":37}},"loc":{"start":{"line":101,"column":44},"end":{"line":101,"column":70}},"line":101},"9":{"name":"(anonymous_9)","decl":{"start":{"line":102,"column":33},"end":{"line":102,"column":34}},"loc":{"start":{"line":102,"column":41},"end":{"line":102,"column":64}},"line":102},"10":{"name":"(anonymous_10)","decl":{"start":{"line":126,"column":19},"end":{"line":126,"column":20}},"loc":{"start":{"line":126,"column":25},"end":{"line":126,"column":46}},"line":126},"11":{"name":"(anonymous_11)","decl":{"start":{"line":141,"column":22},"end":{"line":141,"column":23}},"loc":{"start":{"line":141,"column":29},"end":{"line":141,"column":62}},"line":141},"12":{"name":"(anonymous_12)","decl":{"start":{"line":158,"column":46},"end":{"line":158,"column":47}},"loc":{"start":{"line":159,"column":12},"end":{"line":182,"column":13}},"line":159},"13":{"name":"(anonymous_13)","decl":{"start":{"line":172,"column":29},"end":{"line":172,"column":30}},"loc":{"start":{"line":173,"column":20},"end":{"line":178,"column":22}},"line":173},"14":{"name":"(anonymous_14)","decl":{"start":{"line":187,"column":32},"end":{"line":187,"column":33}},"loc":{"start":{"line":188,"column":12},"end":{"line":193,"column":14}},"line":188},"15":{"name":"(anonymous_15)","decl":{"start":{"line":208,"column":21},"end":{"line":208,"column":22}},"loc":{"start":{"line":208,"column":27},"end":{"line":208,"column":48}},"line":208},"16":{"name":"(anonymous_16)","decl":{"start":{"line":218,"column":19},"end":{"line":218,"column":20}},"loc":{"start":{"line":218,"column":25},"end":{"line":218,"column":47}},"line":218}},"branchMap":{"0":{"loc":{"start":{"line":40,"column":6},"end":{"line":46,"column":7}},"type":"if","locations":[{"start":{"line":40,"column":6},"end":{"line":46,"column":7}},{"start":{"line":44,"column":13},"end":{"line":46,"column":7}}],"line":40},"1":{"loc":{"start":{"line":54,"column":4},"end":{"line":70,"column":5}},"type":"if","locations":[{"start":{"line":54,"column":4},"end":{"line":70,"column":5}},{"start":{},"end":{}}],"line":54},"2":{"loc":{"start":{"line":60,"column":8},"end":{"line":65,"column":9}},"type":"if","locations":[{"start":{"line":60,"column":8},"end":{"line":65,"column":9}},{"start":{"line":63,"column":15},"end":{"line":65,"column":9}}],"line":60},"3":{"loc":{"start":{"line":83,"column":6},"end":{"line":88,"column":7}},"type":"if","locations":[{"start":{"line":83,"column":6},"end":{"line":88,"column":7}},{"start":{"line":86,"column":13},"end":{"line":88,"column":7}}],"line":83},"4":{"loc":{"start":{"line":95,"column":27},"end":{"line":97,"column":14}},"type":"cond-expr","locations":[{"start":{"line":96,"column":6},"end":{"line":96,"column":63}},{"start":{"line":97,"column":6},"end":{"line":97,"column":14}}],"line":95},"5":{"loc":{"start":{"line":105,"column":2},"end":{"line":111,"column":3}},"type":"if","locations":[{"start":{"line":105,"column":2},"end":{"line":111,"column":3}},{"start":{},"end":{}}],"line":105},"6":{"loc":{"start":{"line":156,"column":7},"end":{"line":196,"column":7}},"type":"cond-expr","locations":[{"start":{"line":157,"column":8},"end":{"line":184,"column":14}},{"start":{"line":186,"column":8},"end":{"line":195,"column":14}}],"line":156},"7":{"loc":{"start":{"line":159,"column":12},"end":{"line":182,"column":13}},"type":"binary-expr","locations":[{"start":{"line":159,"column":12},"end":{"line":159,"column":28}},{"start":{"line":160,"column":14},"end":{"line":181,"column":20}}],"line":159},"8":{"loc":{"start":{"line":163,"column":21},"end":{"line":165,"column":38}},"type":"cond-expr","locations":[{"start":{"line":163,"column":43},"end":{"line":163,"column":61}},{"start":{"line":164,"column":21},"end":{"line":165,"column":38}}],"line":163},"9":{"loc":{"start":{"line":164,"column":21},"end":{"line":165,"column":38}},"type":"cond-expr","locations":[{"start":{"line":164,"column":45},"end":{"line":164,"column":64}},{"start":{"line":165,"column":21},"end":{"line":165,"column":38}}],"line":164},"10":{"loc":{"start":{"line":198,"column":7},"end":{"line":214,"column":7}},"type":"binary-expr","locations":[{"start":{"line":198,"column":7},"end":{"line":198,"column":28}},{"start":{"line":199,"column":8},"end":{"line":213,"column":14}}],"line":198},"11":{"loc":{"start":{"line":216,"column":7},"end":{"line":221,"column":7}},"type":"binary-expr","locations":[{"start":{"line":216,"column":7},"end":{"line":216,"column":19}},{"start":{"line":217,"column":8},"end":{"line":220,"column":10}}],"line":216}},"s":{"0":0,"1":0,"2":0,"3":0,"4":0,"5":0,"6":0,"7":0,"8":0,"9":0,"10":0,"11":0,"12":0,"13":0,"14":0,"15":0,"16":0,"17":0,"18":0,"19":0,"20":0,"21":0,"22":0,"23":0,"24":0,"25":0,"26":0,"27":0,"28":0,"29":0,"30":0,"31":0,"32":0,"33":0,"34":0,"35":0,"36":0,"37":0,"38":0,"39":0,"40":0,"41":0,"42":0,"43":0,"44":0,"45":0,"46":0,"47":0,"48":0,"49":0,"50":0,"51":0,"52":0,"53":0,"54":0,"55":0,"56":0,"57":0,"58":0,"59":0},"f":{"0":0,"1":0,"2":0,"3":0,"4":0,"5":0,"6":0,"7":0,"8":0,"9":0,"10":0,"11":0,"12":0,"13":0,"14":0,"15":0,"16":0},"b":{"0":[0,0],"1":[0,0],"2":[0,0],"3":[0,0],"4":[0,0],"5":[0,0],"6":[0,0],"7":[0,0],"8":[0,0],"9":[0,0],"10":[0,0],"11":[0,0]}}
,"/root/projects/board_game_tracker/frontend/src/services/api.js": {"path":"/root/projects/board_game_tracker/frontend/src/services/api.js","statementMap":{"0":{"start":{"line":3,"column":21},"end":{"line":3,"column":27}},"1":{"start":{"line":5,"column":12},"end":{"line":35,"column":1}},"2":{"start":{"line":7,"column":18},"end":{"line":7,"column":52}},"3":{"start":{"line":8,"column":19},"end":{"line":8,"column":59}},"4":{"start":{"line":9,"column":24},"end":{"line":9,"column":65}},"5":{"start":{"line":10,"column":28},"end":{"line":10,"column":74}},"6":{"start":{"line":11,"column":22},"end":{"line":11,"column":65}},"7":{"start":{"line":14,"column":21},"end":{"line":14,"column":58}},"8":{"start":{"line":15,"column":22},"end":{"line":15,"column":65}},"9":{"start":{"line":16,"column":30},"end":{"line":16,"column":77}},"10":{"start":{"line":17,"column":34},"end":{"line":17,"column":86}},"11":{"start":{"line":18,"column":25},"end":{"line":18,"column":71}},"12":{"start":{"line":21,"column":20},"end":{"line":21,"column":56}},"13":{"start":{"line":24,"column":27},"end":{"line":24,"column":70}},"14":{"start":{"line":25,"column":35},"end":{"line":25,"column":87}},"15":{"start":{"line":28,"column":23},"end":{"line":28,"column":62}},"16":{"start":{"line":31,"column":24},"end":{"line":31,"column":94}},"17":{"start":{"line":34,"column":32},"end":{"line":34,"column":76}}},"fnMap":{"0":{"name":"(anonymous_0)","decl":{"start":{"line":7,"column":12},"end":{"line":7,"column":13}},"loc":{"start":{"line":7,"column":18},"end":{"line":7,"column":52}},"line":7},"1":{"name":"(anonymous_1)","decl":{"start":{"line":8,"column":11},"end":{"line":8,"column":12}},"loc":{"start":{"line":8,"column":19},"end":{"line":8,"column":59}},"line":8},"2":{"name":"(anonymous_2)","decl":{"start":{"line":9,"column":14},"end":{"line":9,"column":15}},"loc":{"start":{"line":9,"column":24},"end":{"line":9,"column":65}},"line":9},"3":{"name":"(anonymous_3)","decl":{"start":{"line":10,"column":14},"end":{"line":10,"column":15}},"loc":{"start":{"line":10,"column":28},"end":{"line":10,"column":74}},"line":10},"4":{"name":"(anonymous_4)","decl":{"start":{"line":11,"column":14},"end":{"line":11,"column":15}},"loc":{"start":{"line":11,"column":22},"end":{"line":11,"column":65}},"line":11},"5":{"name":"(anonymous_5)","decl":{"start":{"line":14,"column":15},"end":{"line":14,"column":16}},"loc":{"start":{"line":14,"column":21},"end":{"line":14,"column":58}},"line":14},"6":{"name":"(anonymous_6)","decl":{"start":{"line":15,"column":14},"end":{"line":15,"column":15}},"loc":{"start":{"line":15,"column":22},"end":{"line":15,"column":65}},"line":15},"7":{"name":"(anonymous_7)","decl":{"start":{"line":16,"column":17},"end":{"line":16,"column":18}},"loc":{"start":{"line":16,"column":30},"end":{"line":16,"column":77}},"line":16},"8":{"name":"(anonymous_8)","decl":{"start":{"line":17,"column":17},"end":{"line":17,"column":18}},"loc":{"start":{"line":17,"column":34},"end":{"line":17,"column":86}},"line":17},"9":{"name":"(anonymous_9)","decl":{"start":{"line":18,"column":17},"end":{"line":18,"column":18}},"loc":{"start":{"line":18,"column":25},"end":{"line":18,"column":71}},"line":18},"10":{"name":"(anonymous_10)","decl":{"start":{"line":21,"column":14},"end":{"line":21,"column":15}},"loc":{"start":{"line":21,"column":20},"end":{"line":21,"column":56}},"line":21},"11":{"name":"(anonymous_11)","decl":{"start":{"line":24,"column":17},"end":{"line":24,"column":18}},"loc":{"start":{"line":24,"column":27},"end":{"line":24,"column":70}},"line":24},"12":{"name":"(anonymous_12)","decl":{"start":{"line":25,"column":25},"end":{"line":25,"column":26}},"loc":{"start":{"line":25,"column":35},"end":{"line":25,"column":87}},"line":25},"13":{"name":"(anonymous_13)","decl":{"start":{"line":28,"column":17},"end":{"line":28,"column":18}},"loc":{"start":{"line":28,"column":23},"end":{"line":28,"column":62}},"line":28},"14":{"name":"(anonymous_14)","decl":{"start":{"line":31,"column":13},"end":{"line":31,"column":14}},"loc":{"start":{"line":31,"column":24},"end":{"line":31,"column":94}},"line":31},"15":{"name":"(anonymous_15)","decl":{"start":{"line":34,"column":22},"end":{"line":34,"column":23}},"loc":{"start":{"line":34,"column":32},"end":{"line":34,"column":76}},"line":34}},"branchMap":{},"s":{"0":0,"1":0,"2":0,"3":0,"4":0,"5":0,"6":0,"7":0,"8":0,"9":0,"10":0,"11":0,"12":0,"13":0,"14":0,"15":0,"16":0,"17":0},"f":{"0":0,"1":0,"2":0,"3":0,"4":0,"5":0,"6":0,"7":0,"8":0,"9":0,"10":0,"11":0,"12":0,"13":0,"14":0,"15":0},"b":{}}
}
